<?xml version="1.0" encoding="UTF-8"?>
<testsuite xmlns:xsi="http://www.w3.org/2001/XMLSchema-instance" xsi:noNamespaceSchemaLocation="https://maven.apache.org/surefire/maven-surefire-plugin/xsd/surefire-test-report-3.0.xsd" version="3.0" name="com.senac.Projeto_Java_Gerenciamento_Loja_de_Informatica.ProjetoJavaGerenciamentoLojaDeInformaticaApplicationTests" time="9.227" tests="1" errors="0" skipped="0" failures="0">
  <properties>
[...]
</properties>
  <testcase name="contextLoads" classname="com.senac.Projeto_Java_Gerenciamento_Loja_de_Informatica.ProjetoJavaGerenciamentoLojaDeInformaticaApplicationTests" time="0.698">
    <system-out><![CDATA[16:27:55.741 [main] INFO org.springframework.test.context.support.AnnotationConfigContextLoaderUtils -- Could not detect default configuration classes for test class [com.senac.Projeto_Java_Gerenciamento_Loja_de_Informatica.ProjetoJavaGerenciamentoLojaDeInformaticaApplicationTests]: ProjetoJavaGerenciamentoLojaDeInformaticaApplicationTests does not declare any static, non-private, non-final, nested classes annotated with @Configuration.
16:27:55.943 [main] INFO org.springframework.boot.test.context.SpringBootTestContextBootstrapper -- Found @SpringBootConfiguration com.senac.Projeto_Java_Gerenciamento_Loja_de_Informatica.ProjetoJavaGerenciamentoLojaDeInformaticaApplication for test class com.senac.Projeto_Java_Gerenciamento_Loja_de_Informatica.ProjetoJavaGerenciamentoLojaDeInformaticaApplicationTests

  .   ____          _            __ _ _
 /\\ / ___'_ __ _ _(_)_ __  __ _ \ \ \ \
( ( )\___ | '_ | '_| | '_ \/ _` | \ \ \ \
 \\/  ___)| |_)| | | | | || (_| |  ) ) ) )
  '  |____| .__|_| |_|_| |_\__, | / / / /
 =========|_|==============|___/=/_/_/_/

 :: Spring Boot ::                (v3.3.5)

2025-04-10T16:27:56.690-03:00 DEBUG 4852 --- [lojainfo] [kground-preinit] o.h.v.i.xml.config.ValidationXmlParser   : Trying to load META-INF/validation.xml for XML based Validator configuration.
2025-04-10T16:27:56.693-03:00 DEBUG 4852 --- [lojainfo] [kground-preinit] o.h.v.i.xml.config.ResourceLoaderHelper  : Trying to load META-INF/validation.xml via TCCL
2025-04-10T16:27:56.694-03:00 DEBUG 4852 --- [lojainfo] [kground-preinit] o.h.v.i.xml.config.ResourceLoaderHelper  : Trying to load META-INF/validation.xml via Hibernate Validator's class loader
2025-04-10T16:27:56.695-03:00 DEBUG 4852 --- [lojainfo] [kground-preinit] o.h.v.i.xml.config.ValidationXmlParser   : No META-INF/validation.xml found. Using annotation based configuration only.
2025-04-10T16:27:56.705-03:00 DEBUG 4852 --- [lojainfo] [kground-preinit] o.h.v.i.e.resolver.TraversableResolvers  : Found jakarta.persistence.Persistence on classpath containing 'getPersistenceUtil'. Assuming JPA 2 environment. Trying to instantiate JPA aware TraversableResolver
2025-04-10T16:27:56.706-03:00 DEBUG 4852 --- [lojainfo] [kground-preinit] o.h.v.i.e.resolver.TraversableResolvers  : Instantiated JPA aware TraversableResolver of type org.hibernate.validator.internal.engine.resolver.JPATraversableResolver.
2025-04-10T16:27:56.747-03:00  INFO 4852 --- [lojainfo] [           main] iamentoLojaDeInformaticaApplicationTests : Starting ProjetoJavaGerenciamentoLojaDeInformaticaApplicationTests using Java 17.0.9 with PID 4852 (started by acer in C:\Users\acer\Documents\TDS\Projetos\lojaInfo\projeto java\Projeto-Java-Gerenciamento-Loja-de-Informatica)
2025-04-10T16:27:56.749-03:00  INFO 4852 --- [lojainfo] [           main] iamentoLojaDeInformaticaApplicationTests : No active profile set, falling back to 1 default profile: "default"
2025-04-10T16:27:56.749-03:00 DEBUG 4852 --- [lojainfo] [           main] o.s.boot.SpringApplication               : Loading source class com.senac.Projeto_Java_Gerenciamento_Loja_de_Informatica.ProjetoJavaGerenciamentoLojaDeInformaticaApplication
2025-04-10T16:27:56.764-03:00 DEBUG 4852 --- [lojainfo] [kground-preinit] .h.v.m.ResourceBundleMessageInterpolator : Loaded expression factory via original TCCL
2025-04-10T16:27:56.808-03:00 DEBUG 4852 --- [lojainfo] [           main] o.s.w.c.s.GenericWebApplicationContext   : Refreshing org.springframework.web.context.support.GenericWebApplicationContext@77b7ffa4
2025-04-10T16:27:56.839-03:00 DEBUG 4852 --- [lojainfo] [           main] o.s.b.f.s.DefaultListableBeanFactory     : Creating shared instance of singleton bean 'org.springframework.context.annotation.internalConfigurationAnnotationProcessor'
2025-04-10T16:27:56.868-03:00 DEBUG 4852 --- [lojainfo] [           main] o.s.b.f.s.DefaultListableBeanFactory     : Creating shared instance of singleton bean 'org.springframework.boot.autoconfigure.internalCachingMetadataReaderFactory'
2025-04-10T16:27:56.955-03:00 DEBUG 4852 --- [lojainfo] [           main] o.s.c.a.ClassPathBeanDefinitionScanner   : Identified candidate component class: file [C:\Users\acer\Documents\TDS\Projetos\lojaInfo\projeto java\Projeto-Java-Gerenciamento-Loja-de-Informatica\target\classes\com\senac\Projeto_Java_Gerenciamento_Loja_de_Informatica\Controller\ControllerAPICargo.class]
2025-04-10T16:27:56.957-03:00 DEBUG 4852 --- [lojainfo] [           main] o.s.c.a.ClassPathBeanDefinitionScanner   : Identified candidate component class: file [C:\Users\acer\Documents\TDS\Projetos\lojaInfo\projeto java\Projeto-Java-Gerenciamento-Loja-de-Informatica\target\classes\com\senac\Projeto_Java_Gerenciamento_Loja_de_Informatica\Controller\ControllerAPICategoria.class]
2025-04-10T16:27:56.959-03:00 DEBUG 4852 --- [lojainfo] [           main] o.s.c.a.ClassPathBeanDefinitionScanner   : Identified candidate component class: file [C:\Users\acer\Documents\TDS\Projetos\lojaInfo\projeto java\Projeto-Java-Gerenciamento-Loja-de-Informatica\target\classes\com\senac\Projeto_Java_Gerenciamento_Loja_de_Informatica\Controller\ControllerAPICliente.class]
2025-04-10T16:27:56.962-03:00 DEBUG 4852 --- [lojainfo] [           main] o.s.c.a.ClassPathBeanDefinitionScanner   : Identified candidate component class: file [C:\Users\acer\Documents\TDS\Projetos\lojaInfo\projeto java\Projeto-Java-Gerenciamento-Loja-de-Informatica\target\classes\com\senac\Projeto_Java_Gerenciamento_Loja_de_Informatica\Controller\ControllerAPIDevolucao.class]
2025-04-10T16:27:56.964-03:00 DEBUG 4852 --- [lojainfo] [           main] o.s.c.a.ClassPathBeanDefinitionScanner   : Identified candidate component class: file [C:\Users\acer\Documents\TDS\Projetos\lojaInfo\projeto java\Projeto-Java-Gerenciamento-Loja-de-Informatica\target\classes\com\senac\Projeto_Java_Gerenciamento_Loja_de_Informatica\Controller\ControllerAPIFuncionario.class]
2025-04-10T16:27:56.965-03:00 DEBUG 4852 --- [lojainfo] [           main] o.s.c.a.ClassPathBeanDefinitionScanner   : Identified candidate component class: file [C:\Users\acer\Documents\TDS\Projetos\lojaInfo\projeto java\Projeto-Java-Gerenciamento-Loja-de-Informatica\target\classes\com\senac\Projeto_Java_Gerenciamento_Loja_de_Informatica\Controller\ControllerAPIIntesVenda.class]
2025-04-10T16:27:56.965-03:00 DEBUG 4852 --- [lojainfo] [kground-preinit] .i.e.ValidatorFactoryConfigurationHelper : HV000252: Using org.hibernate.validator.internal.engine.DefaultPropertyNodeNameProvider as property node name provider.
2025-04-10T16:27:56.967-03:00 DEBUG 4852 --- [lojainfo] [           main] o.s.c.a.ClassPathBeanDefinitionScanner   : Identified candidate component class: file [C:\Users\acer\Documents\TDS\Projetos\lojaInfo\projeto java\Projeto-Java-Gerenciamento-Loja-de-Informatica\target\classes\com\senac\Projeto_Java_Gerenciamento_Loja_de_Informatica\Controller\ControllerAPILocalArmazenamento.class]
2025-04-10T16:27:56.968-03:00 DEBUG 4852 --- [lojainfo] [           main] o.s.c.a.ClassPathBeanDefinitionScanner   : Identified candidate component class: file [C:\Users\acer\Documents\TDS\Projetos\lojaInfo\projeto java\Projeto-Java-Gerenciamento-Loja-de-Informatica\target\classes\com\senac\Projeto_Java_Gerenciamento_Loja_de_Informatica\Controller\ControllerAPIProduto.class]
2025-04-10T16:27:56.970-03:00 DEBUG 4852 --- [lojainfo] [           main] o.s.c.a.ClassPathBeanDefinitionScanner   : Identified candidate component class: file [C:\Users\acer\Documents\TDS\Projetos\lojaInfo\projeto java\Projeto-Java-Gerenciamento-Loja-de-Informatica\target\classes\com\senac\Projeto_Java_Gerenciamento_Loja_de_Informatica\Controller\ControllerAPITroca.class]
2025-04-10T16:27:56.972-03:00 DEBUG 4852 --- [lojainfo] [           main] o.s.c.a.ClassPathBeanDefinitionScanner   : Identified candidate component class: file [C:\Users\acer\Documents\TDS\Projetos\lojaInfo\projeto java\Projeto-Java-Gerenciamento-Loja-de-Informatica\target\classes\com\senac\Projeto_Java_Gerenciamento_Loja_de_Informatica\Controller\ControllerAPIUsuario.class]
2025-04-10T16:27:56.973-03:00 DEBUG 4852 --- [lojainfo] [           main] o.s.c.a.ClassPathBeanDefinitionScanner   : Identified candidate component class: file [C:\Users\acer\Documents\TDS\Projetos\lojaInfo\projeto java\Projeto-Java-Gerenciamento-Loja-de-Informatica\target\classes\com\senac\Projeto_Java_Gerenciamento_Loja_de_Informatica\Controller\ControllerAPIVenda.class]
2025-04-10T16:27:56.975-03:00 DEBUG 4852 --- [lojainfo] [           main] o.s.c.a.ClassPathBeanDefinitionScanner   : Identified candidate component class: file [C:\Users\acer\Documents\TDS\Projetos\lojaInfo\projeto java\Projeto-Java-Gerenciamento-Loja-de-Informatica\target\classes\com\senac\Projeto_Java_Gerenciamento_Loja_de_Informatica\Controller\ControllerAutenticacao.class]
2025-04-10T16:27:56.975-03:00 DEBUG 4852 --- [lojainfo] [kground-preinit] .i.e.ValidatorFactoryConfigurationHelper : HV000234: Using org.hibernate.validator.messageinterpolation.ResourceBundleMessageInterpolator as ValidatorFactory-scoped message interpolator.
2025-04-10T16:27:56.976-03:00 DEBUG 4852 --- [lojainfo] [kground-preinit] .i.e.ValidatorFactoryConfigurationHelper : HV000234: Using org.hibernate.validator.internal.engine.resolver.JPATraversableResolver as ValidatorFactory-scoped traversable resolver.
2025-04-10T16:27:56.976-03:00 DEBUG 4852 --- [lojainfo] [kground-preinit] .i.e.ValidatorFactoryConfigurationHelper : HV000234: Using org.hibernate.validator.internal.util.ExecutableParameterNameProvider as ValidatorFactory-scoped parameter name provider.
2025-04-10T16:27:56.976-03:00 DEBUG 4852 --- [lojainfo] [kground-preinit] .i.e.ValidatorFactoryConfigurationHelper : HV000234: Using org.hibernate.validator.internal.engine.DefaultClockProvider as ValidatorFactory-scoped clock provider.
2025-04-10T16:27:56.976-03:00 DEBUG 4852 --- [lojainfo] [kground-preinit] .i.e.ValidatorFactoryConfigurationHelper : HV000234: Using org.hibernate.validator.internal.engine.scripting.DefaultScriptEvaluatorFactory as ValidatorFactory-scoped script evaluator factory.
2025-04-10T16:27:56.977-03:00 DEBUG 4852 --- [lojainfo] [           main] o.s.c.a.ClassPathBeanDefinitionScanner   : Identified candidate component class: file [C:\Users\acer\Documents\TDS\Projetos\lojaInfo\projeto java\Projeto-Java-Gerenciamento-Loja-de-Informatica\target\classes\com\senac\Projeto_Java_Gerenciamento_Loja_de_Informatica\Controller\ControllerCliente.class]
2025-04-10T16:27:56.979-03:00 DEBUG 4852 --- [lojainfo] [           main] o.s.c.a.ClassPathBeanDefinitionScanner   : Identified candidate component class: file [C:\Users\acer\Documents\TDS\Projetos\lojaInfo\projeto java\Projeto-Java-Gerenciamento-Loja-de-Informatica\target\classes\com\senac\Projeto_Java_Gerenciamento_Loja_de_Informatica\Controller\ControllerDevolucao.class]
2025-04-10T16:27:56.980-03:00 DEBUG 4852 --- [lojainfo] [           main] o.s.c.a.ClassPathBeanDefinitionScanner   : Identified candidate component class: file [C:\Users\acer\Documents\TDS\Projetos\lojaInfo\projeto java\Projeto-Java-Gerenciamento-Loja-de-Informatica\target\classes\com\senac\Projeto_Java_Gerenciamento_Loja_de_Informatica\Controller\ControllerFuncionario.class]
2025-04-10T16:27:56.982-03:00 DEBUG 4852 --- [lojainfo] [           main] o.s.c.a.ClassPathBeanDefinitionScanner   : Identified candidate component class: file [C:\Users\acer\Documents\TDS\Projetos\lojaInfo\projeto java\Projeto-Java-Gerenciamento-Loja-de-Informatica\target\classes\com\senac\Projeto_Java_Gerenciamento_Loja_de_Informatica\Controller\ControllerItensVenda.class]
2025-04-10T16:27:56.984-03:00 DEBUG 4852 --- [lojainfo] [           main] o.s.c.a.ClassPathBeanDefinitionScanner   : Identified candidate component class: file [C:\Users\acer\Documents\TDS\Projetos\lojaInfo\projeto java\Projeto-Java-Gerenciamento-Loja-de-Informatica\target\classes\com\senac\Projeto_Java_Gerenciamento_Loja_de_Informatica\Controller\ControllerProduto.class]
2025-04-10T16:27:56.986-03:00 DEBUG 4852 --- [lojainfo] [           main] o.s.c.a.ClassPathBeanDefinitionScanner   : Identified candidate component class: file [C:\Users\acer\Documents\TDS\Projetos\lojaInfo\projeto java\Projeto-Java-Gerenciamento-Loja-de-Informatica\target\classes\com\senac\Projeto_Java_Gerenciamento_Loja_de_Informatica\Controller\ControllerTroca.class]
2025-04-10T16:27:56.988-03:00 DEBUG 4852 --- [lojainfo] [           main] o.s.c.a.ClassPathBeanDefinitionScanner   : Identified candidate component class: file [C:\Users\acer\Documents\TDS\Projetos\lojaInfo\projeto java\Projeto-Java-Gerenciamento-Loja-de-Informatica\target\classes\com\senac\Projeto_Java_Gerenciamento_Loja_de_Informatica\Controller\ControllerUsuario.class]
2025-04-10T16:27:56.989-03:00 DEBUG 4852 --- [lojainfo] [           main] o.s.c.a.ClassPathBeanDefinitionScanner   : Identified candidate component class: file [C:\Users\acer\Documents\TDS\Projetos\lojaInfo\projeto java\Projeto-Java-Gerenciamento-Loja-de-Informatica\target\classes\com\senac\Projeto_Java_Gerenciamento_Loja_de_Informatica\Controller\ControllerVenda.class]
2025-04-10T16:27:57.018-03:00 DEBUG 4852 --- [lojainfo] [           main] o.s.c.a.ClassPathBeanDefinitionScanner   : Ignored because not a concrete top-level class: file [C:\Users\acer\Documents\TDS\Projetos\lojaInfo\projeto java\Projeto-Java-Gerenciamento-Loja-de-Informatica\target\classes\com\senac\Projeto_Java_Gerenciamento_Loja_de_Informatica\Repository\RepositoryCargo.class]
2025-04-10T16:27:57.019-03:00 DEBUG 4852 --- [lojainfo] [           main] o.s.c.a.ClassPathBeanDefinitionScanner   : Ignored because not a concrete top-level class: file [C:\Users\acer\Documents\TDS\Projetos\lojaInfo\projeto java\Projeto-Java-Gerenciamento-Loja-de-Informatica\target\classes\com\senac\Projeto_Java_Gerenciamento_Loja_de_Informatica\Repository\RepositoryCategoria.class]
2025-04-10T16:27:57.020-03:00 DEBUG 4852 --- [lojainfo] [           main] o.s.c.a.ClassPathBeanDefinitionScanner   : Ignored because not a concrete top-level class: file [C:\Users\acer\Documents\TDS\Projetos\lojaInfo\projeto java\Projeto-Java-Gerenciamento-Loja-de-Informatica\target\classes\com\senac\Projeto_Java_Gerenciamento_Loja_de_Informatica\Repository\RepositoryCliente.class]
2025-04-10T16:27:57.043-03:00 DEBUG 4852 --- [lojainfo] [           main] o.s.c.a.ClassPathBeanDefinitionScanner   : Ignored because not a concrete top-level class: file [C:\Users\acer\Documents\TDS\Projetos\lojaInfo\projeto java\Projeto-Java-Gerenciamento-Loja-de-Informatica\target\classes\com\senac\Projeto_Java_Gerenciamento_Loja_de_Informatica\Repository\RepositoryDevolucao.class]
2025-04-10T16:27:57.043-03:00 DEBUG 4852 --- [lojainfo] [           main] o.s.c.a.ClassPathBeanDefinitionScanner   : Ignored because not a concrete top-level class: file [C:\Users\acer\Documents\TDS\Projetos\lojaInfo\projeto java\Projeto-Java-Gerenciamento-Loja-de-Informatica\target\classes\com\senac\Projeto_Java_Gerenciamento_Loja_de_Informatica\Repository\RepositoryFuncionario.class]
2025-04-10T16:27:57.045-03:00 DEBUG 4852 --- [lojainfo] [           main] o.s.c.a.ClassPathBeanDefinitionScanner   : Ignored because not a concrete top-level class: file [C:\Users\acer\Documents\TDS\Projetos\lojaInfo\projeto java\Projeto-Java-Gerenciamento-Loja-de-Informatica\target\classes\com\senac\Projeto_Java_Gerenciamento_Loja_de_Informatica\Repository\RepositoryItensVenda.class]
2025-04-10T16:27:57.045-03:00 DEBUG 4852 --- [lojainfo] [           main] o.s.c.a.ClassPathBeanDefinitionScanner   : Ignored because not a concrete top-level class: file [C:\Users\acer\Documents\TDS\Projetos\lojaInfo\projeto java\Projeto-Java-Gerenciamento-Loja-de-Informatica\target\classes\com\senac\Projeto_Java_Gerenciamento_Loja_de_Informatica\Repository\RepositoryLocalArmazenamento.class]
2025-04-10T16:27:57.048-03:00 DEBUG 4852 --- [lojainfo] [           main] o.s.c.a.ClassPathBeanDefinitionScanner   : Ignored because not a concrete top-level class: file [C:\Users\acer\Documents\TDS\Projetos\lojaInfo\projeto java\Projeto-Java-Gerenciamento-Loja-de-Informatica\target\classes\com\senac\Projeto_Java_Gerenciamento_Loja_de_Informatica\Repository\RepositoryProduto.class]
2025-04-10T16:27:57.049-03:00 DEBUG 4852 --- [lojainfo] [           main] o.s.c.a.ClassPathBeanDefinitionScanner   : Ignored because not a concrete top-level class: file [C:\Users\acer\Documents\TDS\Projetos\lojaInfo\projeto java\Projeto-Java-Gerenciamento-Loja-de-Informatica\target\classes\com\senac\Projeto_Java_Gerenciamento_Loja_de_Informatica\Repository\RepositoryTroca.class]
2025-04-10T16:27:57.049-03:00 DEBUG 4852 --- [lojainfo] [           main] o.s.c.a.ClassPathBeanDefinitionScanner   : Ignored because not a concrete top-level class: file [C:\Users\acer\Documents\TDS\Projetos\lojaInfo\projeto java\Projeto-Java-Gerenciamento-Loja-de-Informatica\target\classes\com\senac\Projeto_Java_Gerenciamento_Loja_de_Informatica\Repository\RepositoryUsuario.class]
2025-04-10T16:27:57.051-03:00 DEBUG 4852 --- [lojainfo] [           main] o.s.c.a.ClassPathBeanDefinitionScanner   : Ignored because not a concrete top-level class: file [C:\Users\acer\Documents\TDS\Projetos\lojaInfo\projeto java\Projeto-Java-Gerenciamento-Loja-de-Informatica\target\classes\com\senac\Projeto_Java_Gerenciamento_Loja_de_Informatica\Repository\RepositoryVenda.class]
2025-04-10T16:27:57.053-03:00 DEBUG 4852 --- [lojainfo] [           main] o.s.c.a.ClassPathBeanDefinitionScanner   : Identified candidate component class: file [C:\Users\acer\Documents\TDS\Projetos\lojaInfo\projeto java\Projeto-Java-Gerenciamento-Loja-de-Informatica\target\classes\com\senac\Projeto_Java_Gerenciamento_Loja_de_Informatica\Service\ServiceCargo.class]
2025-04-10T16:27:57.056-03:00 DEBUG 4852 --- [lojainfo] [           main] o.s.c.a.ClassPathBeanDefinitionScanner   : Identified candidate component class: file [C:\Users\acer\Documents\TDS\Projetos\lojaInfo\projeto java\Projeto-Java-Gerenciamento-Loja-de-Informatica\target\classes\com\senac\Projeto_Java_Gerenciamento_Loja_de_Informatica\Service\ServiceCategoria.class]
2025-04-10T16:27:57.056-03:00 DEBUG 4852 --- [lojainfo] [           main] o.s.c.a.ClassPathBeanDefinitionScanner   : Identified candidate component class: file [C:\Users\acer\Documents\TDS\Projetos\lojaInfo\projeto java\Projeto-Java-Gerenciamento-Loja-de-Informatica\target\classes\com\senac\Projeto_Java_Gerenciamento_Loja_de_Informatica\Service\ServiceCliente.class]
2025-04-10T16:27:57.057-03:00 DEBUG 4852 --- [lojainfo] [           main] o.s.c.a.ClassPathBeanDefinitionScanner   : Identified candidate component class: file [C:\Users\acer\Documents\TDS\Projetos\lojaInfo\projeto java\Projeto-Java-Gerenciamento-Loja-de-Informatica\target\classes\com\senac\Projeto_Java_Gerenciamento_Loja_de_Informatica\Service\ServiceDevolucao.class]
2025-04-10T16:27:57.059-03:00 DEBUG 4852 --- [lojainfo] [           main] o.s.c.a.ClassPathBeanDefinitionScanner   : Identified candidate component class: file [C:\Users\acer\Documents\TDS\Projetos\lojaInfo\projeto java\Projeto-Java-Gerenciamento-Loja-de-Informatica\target\classes\com\senac\Projeto_Java_Gerenciamento_Loja_de_Informatica\Service\ServiceFuncionario.class]
2025-04-10T16:27:57.060-03:00 DEBUG 4852 --- [lojainfo] [           main] o.s.c.a.ClassPathBeanDefinitionScanner   : Identified candidate component class: file [C:\Users\acer\Documents\TDS\Projetos\lojaInfo\projeto java\Projeto-Java-Gerenciamento-Loja-de-Informatica\target\classes\com\senac\Projeto_Java_Gerenciamento_Loja_de_Informatica\Service\ServiceItensVenda.class]
2025-04-10T16:27:57.061-03:00 DEBUG 4852 --- [lojainfo] [           main] o.s.c.a.ClassPathBeanDefinitionScanner   : Identified candidate component class: file [C:\Users\acer\Documents\TDS\Projetos\lojaInfo\projeto java\Projeto-Java-Gerenciamento-Loja-de-Informatica\target\classes\com\senac\Projeto_Java_Gerenciamento_Loja_de_Informatica\Service\ServiceLocalArmazenamento.class]
2025-04-10T16:27:57.062-03:00 DEBUG 4852 --- [lojainfo] [           main] o.s.c.a.ClassPathBeanDefinitionScanner   : Identified candidate component class: file [C:\Users\acer\Documents\TDS\Projetos\lojaInfo\projeto java\Projeto-Java-Gerenciamento-Loja-de-Informatica\target\classes\com\senac\Projeto_Java_Gerenciamento_Loja_de_Informatica\Service\ServiceProduto.class]
2025-04-10T16:27:57.063-03:00 DEBUG 4852 --- [lojainfo] [           main] o.s.c.a.ClassPathBeanDefinitionScanner   : Identified candidate component class: file [C:\Users\acer\Documents\TDS\Projetos\lojaInfo\projeto java\Projeto-Java-Gerenciamento-Loja-de-Informatica\target\classes\com\senac\Projeto_Java_Gerenciamento_Loja_de_Informatica\Service\ServiceTroca.class]
2025-04-10T16:27:57.065-03:00 DEBUG 4852 --- [lojainfo] [           main] o.s.c.a.ClassPathBeanDefinitionScanner   : Identified candidate component class: file [C:\Users\acer\Documents\TDS\Projetos\lojaInfo\projeto java\Projeto-Java-Gerenciamento-Loja-de-Informatica\target\classes\com\senac\Projeto_Java_Gerenciamento_Loja_de_Informatica\Service\ServiceUsuario.class]
2025-04-10T16:27:57.067-03:00 DEBUG 4852 --- [lojainfo] [           main] o.s.c.a.ClassPathBeanDefinitionScanner   : Identified candidate component class: file [C:\Users\acer\Documents\TDS\Projetos\lojaInfo\projeto java\Projeto-Java-Gerenciamento-Loja-de-Informatica\target\classes\com\senac\Projeto_Java_Gerenciamento_Loja_de_Informatica\Service\ServiceVenda.class]
2025-04-10T16:27:57.962-03:00  INFO 4852 --- [lojainfo] [           main] .s.d.r.c.RepositoryConfigurationDelegate : Bootstrapping Spring Data JPA repositories in DEFAULT mode.
2025-04-10T16:27:57.975-03:00 DEBUG 4852 --- [lojainfo] [           main] o.s.b.f.s.DefaultListableBeanFactory     : Creating shared instance of singleton bean 'org.springframework.boot.autoconfigure.AutoConfigurationPackages'
2025-04-10T16:27:57.986-03:00 DEBUG 4852 --- [lojainfo] [           main] o.s.b.a.AutoConfigurationPackages        : @EnableAutoConfiguration was declared on a class in the package 'com.senac.Projeto_Java_Gerenciamento_Loja_de_Informatica'. Automatic @Repository and @Entity scanning is enabled.
2025-04-10T16:27:57.988-03:00 DEBUG 4852 --- [lojainfo] [           main] .s.d.r.c.RepositoryConfigurationDelegate : Scanning for JPA repositories in packages com.senac.Projeto_Java_Gerenciamento_Loja_de_Informatica.
2025-04-10T16:27:58.005-03:00 DEBUG 4852 --- [lojainfo] [           main] o.s.d.r.c.RepositoryComponentProvider    : Identified candidate component class: file [C:\Users\acer\Documents\TDS\Projetos\lojaInfo\projeto java\Projeto-Java-Gerenciamento-Loja-de-Informatica\target\classes\com\senac\Projeto_Java_Gerenciamento_Loja_de_Informatica\Repository\RepositoryCargo.class]
2025-04-10T16:27:58.005-03:00 DEBUG 4852 --- [lojainfo] [           main] o.s.d.r.c.RepositoryComponentProvider    : Identified candidate component class: file [C:\Users\acer\Documents\TDS\Projetos\lojaInfo\projeto java\Projeto-Java-Gerenciamento-Loja-de-Informatica\target\classes\com\senac\Projeto_Java_Gerenciamento_Loja_de_Informatica\Repository\RepositoryCategoria.class]
2025-04-10T16:27:58.007-03:00 DEBUG 4852 --- [lojainfo] [           main] o.s.d.r.c.RepositoryComponentProvider    : Identified candidate component class: file [C:\Users\acer\Documents\TDS\Projetos\lojaInfo\projeto java\Projeto-Java-Gerenciamento-Loja-de-Informatica\target\classes\com\senac\Projeto_Java_Gerenciamento_Loja_de_Informatica\Repository\RepositoryCliente.class]
2025-04-10T16:27:58.008-03:00 DEBUG 4852 --- [lojainfo] [           main] o.s.d.r.c.RepositoryComponentProvider    : Identified candidate component class: file [C:\Users\acer\Documents\TDS\Projetos\lojaInfo\projeto java\Projeto-Java-Gerenciamento-Loja-de-Informatica\target\classes\com\senac\Projeto_Java_Gerenciamento_Loja_de_Informatica\Repository\RepositoryDevolucao.class]
2025-04-10T16:27:58.008-03:00 DEBUG 4852 --- [lojainfo] [           main] o.s.d.r.c.RepositoryComponentProvider    : Identified candidate component class: file [C:\Users\acer\Documents\TDS\Projetos\lojaInfo\projeto java\Projeto-Java-Gerenciamento-Loja-de-Informatica\target\classes\com\senac\Projeto_Java_Gerenciamento_Loja_de_Informatica\Repository\RepositoryFuncionario.class]
2025-04-10T16:27:58.008-03:00 DEBUG 4852 --- [lojainfo] [           main] o.s.d.r.c.RepositoryComponentProvider    : Identified candidate component class: file [C:\Users\acer\Documents\TDS\Projetos\lojaInfo\projeto java\Projeto-Java-Gerenciamento-Loja-de-Informatica\target\classes\com\senac\Projeto_Java_Gerenciamento_Loja_de_Informatica\Repository\RepositoryItensVenda.class]
2025-04-10T16:27:58.008-03:00 DEBUG 4852 --- [lojainfo] [           main] o.s.d.r.c.RepositoryComponentProvider    : Identified candidate component class: file [C:\Users\acer\Documents\TDS\Projetos\lojaInfo\projeto java\Projeto-Java-Gerenciamento-Loja-de-Informatica\target\classes\com\senac\Projeto_Java_Gerenciamento_Loja_de_Informatica\Repository\RepositoryLocalArmazenamento.class]
2025-04-10T16:27:58.008-03:00 DEBUG 4852 --- [lojainfo] [           main] o.s.d.r.c.RepositoryComponentProvider    : Identified candidate component class: file [C:\Users\acer\Documents\TDS\Projetos\lojaInfo\projeto java\Projeto-Java-Gerenciamento-Loja-de-Informatica\target\classes\com\senac\Projeto_Java_Gerenciamento_Loja_de_Informatica\Repository\RepositoryProduto.class]
2025-04-10T16:27:58.009-03:00 DEBUG 4852 --- [lojainfo] [           main] o.s.d.r.c.RepositoryComponentProvider    : Identified candidate component class: file [C:\Users\acer\Documents\TDS\Projetos\lojaInfo\projeto java\Projeto-Java-Gerenciamento-Loja-de-Informatica\target\classes\com\senac\Projeto_Java_Gerenciamento_Loja_de_Informatica\Repository\RepositoryTroca.class]
2025-04-10T16:27:58.009-03:00 DEBUG 4852 --- [lojainfo] [           main] o.s.d.r.c.RepositoryComponentProvider    : Identified candidate component class: file [C:\Users\acer\Documents\TDS\Projetos\lojaInfo\projeto java\Projeto-Java-Gerenciamento-Loja-de-Informatica\target\classes\com\senac\Projeto_Java_Gerenciamento_Loja_de_Informatica\Repository\RepositoryUsuario.class]
2025-04-10T16:27:58.009-03:00 DEBUG 4852 --- [lojainfo] [           main] o.s.d.r.c.RepositoryComponentProvider    : Identified candidate component class: file [C:\Users\acer\Documents\TDS\Projetos\lojaInfo\projeto java\Projeto-Java-Gerenciamento-Loja-de-Informatica\target\classes\com\senac\Projeto_Java_Gerenciamento_Loja_de_Informatica\Repository\RepositoryVenda.class]
2025-04-10T16:27:58.116-03:00  INFO 4852 --- [lojainfo] [           main] .s.d.r.c.RepositoryConfigurationDelegate : Finished Spring Data repository scanning in 126 ms. Found 11 JPA repository interfaces.
2025-04-10T16:27:58.455-03:00 DEBUG 4852 --- [lojainfo] [           main] o.s.b.f.s.DefaultListableBeanFactory     : Creating shared instance of singleton bean 'propertySourcesPlaceholderConfigurer'
2025-04-10T16:27:58.466-03:00 DEBUG 4852 --- [lojainfo] [           main] o.s.b.f.s.DefaultListableBeanFactory     : Creating shared instance of singleton bean 'org.springframework.boot.test.mock.mockito.MockitoPostProcessor'
2025-04-10T16:27:58.470-03:00 DEBUG 4852 --- [lojainfo] [           main] o.s.b.f.s.DefaultListableBeanFactory     : Creating shared instance of singleton bean 'emBeanDefinitionRegistrarPostProcessor'
2025-04-10T16:27:58.470-03:00 DEBUG 4852 --- [lojainfo] [           main] o.s.b.f.s.DefaultListableBeanFactory     : Creating shared instance of singleton bean 'org.springframework.boot.sql.init.dependency.DatabaseInitializationDependencyConfigurer$DependsOnDatabaseInitializationPostProcessor'
2025-04-10T16:27:58.566-03:00 DEBUG 4852 --- [lojainfo] [           main] o.s.b.f.s.DefaultListableBeanFactory     : Creating shared instance of singleton bean 'org.springframework.context.event.internalEventListenerProcessor'
2025-04-10T16:27:58.568-03:00 DEBUG 4852 --- [lojainfo] [           main] o.s.b.f.s.DefaultListableBeanFactory     : Creating shared instance of singleton bean 'preserveErrorControllerTargetClassPostProcessor'
2025-04-10T16:27:58.569-03:00 DEBUG 4852 --- [lojainfo] [           main] o.s.b.f.s.DefaultListableBeanFactory     : Creating shared instance of singleton bean 'org.springframework.context.event.internalEventListenerFactory'
2025-04-10T16:27:58.570-03:00 DEBUG 4852 --- [lojainfo] [           main] o.s.b.f.s.DefaultListableBeanFactory     : Creating shared instance of singleton bean 'org.springframework.transaction.config.internalTransactionalEventListenerFactory'
2025-04-10T16:27:58.585-03:00 DEBUG 4852 --- [lojainfo] [           main] o.s.b.f.s.DefaultListableBeanFactory     : Creating shared instance of singleton bean 'org.springframework.boot.test.mock.mockito.MockitoPostProcessor$SpyPostProcessor'
2025-04-10T16:27:58.588-03:00 DEBUG 4852 --- [lojainfo] [           main] o.s.b.f.s.DefaultListableBeanFactory     : Creating shared instance of singleton bean 'org.springframework.context.annotation.internalAutowiredAnnotationProcessor'
2025-04-10T16:27:58.590-03:00 DEBUG 4852 --- [lojainfo] [           main] o.s.b.f.s.DefaultListableBeanFactory     : Creating shared instance of singleton bean 'org.springframework.context.annotation.internalCommonAnnotationProcessor'
2025-04-10T16:27:58.594-03:00 DEBUG 4852 --- [lojainfo] [           main] o.s.b.f.s.DefaultListableBeanFactory     : Creating shared instance of singleton bean 'org.springframework.context.annotation.internalPersistenceAnnotationProcessor'
2025-04-10T16:27:58.594-03:00 DEBUG 4852 --- [lojainfo] [           main] o.s.b.f.s.DefaultListableBeanFactory     : Creating shared instance of singleton bean 'org.springframework.boot.context.properties.ConfigurationPropertiesBindingPostProcessor'
2025-04-10T16:27:58.595-03:00 DEBUG 4852 --- [lojainfo] [           main] o.s.b.f.s.DefaultListableBeanFactory     : Creating shared instance of singleton bean 'org.springframework.boot.context.internalConfigurationPropertiesBinder'
2025-04-10T16:27:58.599-03:00 DEBUG 4852 --- [lojainfo] [           main] o.s.b.f.s.DefaultListableBeanFactory     : Creating shared instance of singleton bean 'jdbcConnectionDetailsHikariBeanPostProcessor'
2025-04-10T16:27:58.602-03:00 DEBUG 4852 --- [lojainfo] [           main] o.s.b.f.s.DefaultListableBeanFactory     : Creating shared instance of singleton bean 'methodValidationPostProcessor'
2025-04-10T16:27:58.624-03:00 DEBUG 4852 --- [lojainfo] [           main] o.s.b.f.s.DefaultListableBeanFactory     : Autowiring by type from bean name 'methodValidationPostProcessor' via factory method to bean named 'environment'
2025-04-10T16:27:58.630-03:00 DEBUG 4852 --- [lojainfo] [           main] o.s.b.f.s.DefaultListableBeanFactory     : Creating shared instance of singleton bean 'org.springframework.boot.context.properties.EnableConfigurationPropertiesRegistrar.methodValidationExcludeFilter'
2025-04-10T16:27:58.661-03:00 DEBUG 4852 --- [lojainfo] [           main] o.s.b.f.s.DefaultListableBeanFactory     : Creating shared instance of singleton bean 'org.springframework.aop.config.internalAutoProxyCreator'
2025-04-10T16:27:58.684-03:00 DEBUG 4852 --- [lojainfo] [           main] o.s.b.f.s.DefaultListableBeanFactory     : Creating shared instance of singleton bean 'persistenceExceptionTranslationPostProcessor'
2025-04-10T16:27:58.686-03:00 DEBUG 4852 --- [lojainfo] [           main] o.s.b.f.s.DefaultListableBeanFactory     : Autowiring by type from bean name 'persistenceExceptionTranslationPostProcessor' via factory method to bean named 'environment'
2025-04-10T16:27:58.688-03:00 DEBUG 4852 --- [lojainfo] [           main] o.s.b.f.s.DefaultListableBeanFactory     : Creating shared instance of singleton bean 'webServerFactoryCustomizerBeanPostProcessor'
2025-04-10T16:27:58.688-03:00 DEBUG 4852 --- [lojainfo] [           main] o.s.b.f.s.DefaultListableBeanFactory     : Creating shared instance of singleton bean 'errorPageRegistrarBeanPostProcessor'
2025-04-10T16:27:58.688-03:00 DEBUG 4852 --- [lojainfo] [           main] o.s.b.f.s.DefaultListableBeanFactory     : Creating shared instance of singleton bean 'projectingArgumentResolverBeanPostProcessor'
2025-04-10T16:27:58.688-03:00 DEBUG 4852 --- [lojainfo] [           main] o.s.b.f.s.DefaultListableBeanFactory     : Creating shared instance of singleton bean 'org.springframework.transaction.config.internalTransactionAdvisor'
2025-04-10T16:27:58.688-03:00 DEBUG 4852 --- [lojainfo] [           main] o.s.b.f.s.DefaultListableBeanFactory     : Creating shared instance of singleton bean 'org.springframework.transaction.annotation.ProxyTransactionManagementConfiguration'
2025-04-10T16:27:58.703-03:00 DEBUG 4852 --- [lojainfo] [           main] o.s.b.f.s.DefaultListableBeanFactory     : Creating shared instance of singleton bean 'transactionAttributeSource'
2025-04-10T16:27:58.705-03:00 DEBUG 4852 --- [lojainfo] [           main] o.s.b.f.s.DefaultListableBeanFactory     : Creating shared instance of singleton bean 'transactionInterceptor'
2025-04-10T16:27:58.706-03:00 DEBUG 4852 --- [lojainfo] [           main] o.s.b.f.s.DefaultListableBeanFactory     : Autowiring by type from bean name 'transactionInterceptor' via factory method to bean named 'transactionAttributeSource'
2025-04-10T16:27:58.712-03:00 DEBUG 4852 --- [lojainfo] [           main] o.s.b.f.s.DefaultListableBeanFactory     : Autowiring by type from bean name 'org.springframework.transaction.config.internalTransactionAdvisor' via factory method to bean named 'transactionAttributeSource'
2025-04-10T16:27:58.714-03:00 DEBUG 4852 --- [lojainfo] [           main] o.s.b.f.s.DefaultListableBeanFactory     : Autowiring by type from bean name 'org.springframework.transaction.config.internalTransactionAdvisor' via factory method to bean named 'transactionInterceptor'
2025-04-10T16:27:58.738-03:00 DEBUG 4852 --- [lojainfo] [           main] o.s.u.c.s.UiApplicationContextUtils      : Unable to locate ThemeSource with name 'themeSource': using default [org.springframework.ui.context.support.ResourceBundleThemeSource@7327a447]
2025-04-10T16:27:58.739-03:00 DEBUG 4852 --- [lojainfo] [           main] o.s.b.f.s.DefaultListableBeanFactory     : Creating shared instance of singleton bean 'dataSourceScriptDatabaseInitializer'
2025-04-10T16:27:58.739-03:00 DEBUG 4852 --- [lojainfo] [           main] o.s.b.f.s.DefaultListableBeanFactory     : Creating shared instance of singleton bean 'org.springframework.boot.autoconfigure.sql.init.DataSourceInitializationConfiguration'
2025-04-10T16:27:58.741-03:00 DEBUG 4852 --- [lojainfo] [           main] o.s.b.f.s.DefaultListableBeanFactory     : Creating shared instance of singleton bean 'dataSource'
2025-04-10T16:27:58.742-03:00 DEBUG 4852 --- [lojainfo] [           main] o.s.b.f.s.DefaultListableBeanFactory     : Creating shared instance of singleton bean 'org.springframework.boot.autoconfigure.jdbc.DataSourceConfiguration$Hikari'
2025-04-10T16:27:58.743-03:00 DEBUG 4852 --- [lojainfo] [           main] o.s.b.f.s.DefaultListableBeanFactory     : Creating shared instance of singleton bean 'spring.datasource-org.springframework.boot.autoconfigure.jdbc.DataSourceProperties'
2025-04-10T16:27:58.744-03:00 DEBUG 4852 --- [lojainfo] [           main] o.s.b.f.s.DefaultListableBeanFactory     : Creating shared instance of singleton bean 'org.springframework.boot.context.properties.BoundConfigurationProperties'
2025-04-10T16:27:58.771-03:00 DEBUG 4852 --- [lojainfo] [           main] o.s.b.f.s.DefaultListableBeanFactory     : Creating shared instance of singleton bean 'jdbcConnectionDetails'
2025-04-10T16:27:58.772-03:00 DEBUG 4852 --- [lojainfo] [           main] o.s.b.f.s.DefaultListableBeanFactory     : Creating shared instance of singleton bean 'org.springframework.boot.autoconfigure.jdbc.DataSourceAutoConfiguration$PooledDataSourceConfiguration'
2025-04-10T16:27:58.773-03:00 DEBUG 4852 --- [lojainfo] [           main] o.s.b.f.s.DefaultListableBeanFactory     : Autowiring by type from bean name 'jdbcConnectionDetails' via factory method to bean named 'spring.datasource-org.springframework.boot.autoconfigure.jdbc.DataSourceProperties'
2025-04-10T16:27:58.774-03:00 DEBUG 4852 --- [lojainfo] [           main] o.s.b.f.s.DefaultListableBeanFactory     : Autowiring by type from bean name 'dataSource' via factory method to bean named 'spring.datasource-org.springframework.boot.autoconfigure.jdbc.DataSourceProperties'
2025-04-10T16:27:58.775-03:00 DEBUG 4852 --- [lojainfo] [           main] o.s.b.f.s.DefaultListableBeanFactory     : Autowiring by type from bean name 'dataSource' via factory method to bean named 'jdbcConnectionDetails'
2025-04-10T16:27:58.816-03:00 DEBUG 4852 --- [lojainfo] [           main] o.s.b.f.s.DefaultListableBeanFactory     : Creating shared instance of singleton bean 'spring.sql.init-org.springframework.boot.autoconfigure.sql.init.SqlInitializationProperties'
2025-04-10T16:27:58.821-03:00 DEBUG 4852 --- [lojainfo] [           main] o.s.b.f.s.DefaultListableBeanFactory     : Autowiring by type from bean name 'dataSourceScriptDatabaseInitializer' via factory method to bean named 'dataSource'
2025-04-10T16:27:58.821-03:00 DEBUG 4852 --- [lojainfo] [           main] o.s.b.f.s.DefaultListableBeanFactory     : Autowiring by type from bean name 'dataSourceScriptDatabaseInitializer' via factory method to bean named 'spring.sql.init-org.springframework.boot.autoconfigure.sql.init.SqlInitializationProperties'
2025-04-10T16:27:58.829-03:00 DEBUG 4852 --- [lojainfo] [           main] o.s.b.f.s.DefaultListableBeanFactory     : Creating shared instance of singleton bean 'entityManagerFactory'
2025-04-10T16:27:58.829-03:00 DEBUG 4852 --- [lojainfo] [           main] o.s.b.f.s.DefaultListableBeanFactory     : Creating shared instance of singleton bean 'org.springframework.boot.autoconfigure.orm.jpa.HibernateJpaConfiguration'
2025-04-10T16:27:58.831-03:00 DEBUG 4852 --- [lojainfo] [           main] o.s.b.f.s.DefaultListableBeanFactory     : Creating shared instance of singleton bean 'spring.jpa-org.springframework.boot.autoconfigure.orm.jpa.JpaProperties'
2025-04-10T16:27:58.838-03:00 DEBUG 4852 --- [lojainfo] [           main] o.s.b.f.s.DefaultListableBeanFactory     : Creating shared instance of singleton bean 'spring.jpa.hibernate-org.springframework.boot.autoconfigure.orm.jpa.HibernateProperties'
2025-04-10T16:27:58.841-03:00 DEBUG 4852 --- [lojainfo] [           main] o.s.b.f.s.DefaultListableBeanFactory     : Autowiring by type from bean name 'org.springframework.boot.autoconfigure.orm.jpa.HibernateJpaConfiguration' via constructor to bean named 'dataSource'
2025-04-10T16:27:58.842-03:00 DEBUG 4852 --- [lojainfo] [           main] o.s.b.f.s.DefaultListableBeanFactory     : Autowiring by type from bean name 'org.springframework.boot.autoconfigure.orm.jpa.HibernateJpaConfiguration' via constructor to bean named 'spring.jpa-org.springframework.boot.autoconfigure.orm.jpa.JpaProperties'
2025-04-10T16:27:58.842-03:00 DEBUG 4852 --- [lojainfo] [           main] o.s.b.f.s.DefaultListableBeanFactory     : Autowiring by type from bean name 'org.springframework.boot.autoconfigure.orm.jpa.HibernateJpaConfiguration' via constructor to bean named 'org.springframework.beans.factory.support.DefaultListableBeanFactory@680362a'
2025-04-10T16:27:58.842-03:00 DEBUG 4852 --- [lojainfo] [           main] o.s.b.f.s.DefaultListableBeanFactory     : Autowiring by type from bean name 'org.springframework.boot.autoconfigure.orm.jpa.HibernateJpaConfiguration' via constructor to bean named 'spring.jpa.hibernate-org.springframework.boot.autoconfigure.orm.jpa.HibernateProperties'
2025-04-10T16:27:58.845-03:00 DEBUG 4852 --- [lojainfo] [           main] o.s.b.f.s.DefaultListableBeanFactory     : Creating shared instance of singleton bean 'hikariPoolDataSourceMetadataProvider'
2025-04-10T16:27:58.845-03:00 DEBUG 4852 --- [lojainfo] [           main] o.s.b.f.s.DefaultListableBeanFactory     : Creating shared instance of singleton bean 'org.springframework.boot.autoconfigure.jdbc.metadata.DataSourcePoolMetadataProvidersConfiguration$HikariPoolDataSourceMetadataProviderConfiguration'
2025-04-10T16:27:58.852-03:00 DEBUG 4852 --- [lojainfo] [           main] o.s.b.f.s.DefaultListableBeanFactory     : Creating shared instance of singleton bean 'entityManagerFactoryBuilder'
2025-04-10T16:27:58.854-03:00 DEBUG 4852 --- [lojainfo] [           main] o.s.b.f.s.DefaultListableBeanFactory     : Creating shared instance of singleton bean 'jpaVendorAdapter'
2025-04-10T16:27:58.874-03:00 DEBUG 4852 --- [lojainfo] [           main] o.s.b.f.s.DefaultListableBeanFactory     : Autowiring by type from bean name 'entityManagerFactoryBuilder' via factory method to bean named 'jpaVendorAdapter'
2025-04-10T16:27:58.877-03:00 DEBUG 4852 --- [lojainfo] [           main] o.s.b.f.s.DefaultListableBeanFactory     : Creating shared instance of singleton bean 'persistenceManagedTypes'
2025-04-10T16:27:58.879-03:00 DEBUG 4852 --- [lojainfo] [           main] o.s.b.f.s.DefaultListableBeanFactory     : Autowiring by type from bean name 'persistenceManagedTypes' via factory method to bean named 'org.springframework.beans.factory.support.DefaultListableBeanFactory@680362a'
2025-04-10T16:27:58.879-03:00 DEBUG 4852 --- [lojainfo] [           main] o.s.b.f.s.DefaultListableBeanFactory     : Autowiring by type from bean name 'persistenceManagedTypes' via factory method to bean named 'org.springframework.web.context.support.GenericWebApplicationContext@77b7ffa4'
2025-04-10T16:27:58.895-03:00 DEBUG 4852 --- [lojainfo] [           main] o.s.b.f.s.DefaultListableBeanFactory     : Autowiring by type from bean name 'entityManagerFactory' via factory method to bean named 'entityManagerFactoryBuilder'
2025-04-10T16:27:58.895-03:00 DEBUG 4852 --- [lojainfo] [           main] o.s.b.f.s.DefaultListableBeanFactory     : Autowiring by type from bean name 'entityManagerFactory' via factory method to bean named 'persistenceManagedTypes'
2025-04-10T16:27:58.921-03:00 DEBUG 4852 --- [lojainfo] [           main] j.LocalContainerEntityManagerFactoryBean : Building JPA container EntityManagerFactory for persistence unit 'default'
2025-04-10T16:27:58.952-03:00 DEBUG 4852 --- [lojainfo] [           main] o.hibernate.jpa.internal.util.LogHelper  : PersistenceUnitInfo [
	name: default
	persistence provider classname: null
	classloader: jdk.internal.loader.ClassLoaders$AppClassLoader@73d16e93
	excludeUnlistedClasses: true
	JTA datasource: null
	Non JTA datasource: HikariDataSource (null)
	Transaction type: RESOURCE_LOCAL
	PU root URL: file:/C:/Users/acer/Documents/TDS/Projetos/lojaInfo/projeto%20java/Projeto-Java-Gerenciamento-Loja-de-Informatica/target/test-classes/
	Shared Cache Mode: UNSPECIFIED
	Validation Mode: AUTO
	Jar files URLs []
	Managed classes names [
		com.senac.Projeto_Java_Gerenciamento_Loja_de_Informatica.Model.Cargo
		com.senac.Projeto_Java_Gerenciamento_Loja_de_Informatica.Model.Categoria
		com.senac.Projeto_Java_Gerenciamento_Loja_de_Informatica.Model.Cliente
		com.senac.Projeto_Java_Gerenciamento_Loja_de_Informatica.Model.Devolucao
		com.senac.Projeto_Java_Gerenciamento_Loja_de_Informatica.Model.Funcionario
		com.senac.Projeto_Java_Gerenciamento_Loja_de_Informatica.Model.Itens_venda
		com.senac.Projeto_Java_Gerenciamento_Loja_de_Informatica.Model.Local_armazenamento
		com.senac.Projeto_Java_Gerenciamento_Loja_de_Informatica.Model.Produto
		com.senac.Projeto_Java_Gerenciamento_Loja_de_Informatica.Model.Troca
		com.senac.Projeto_Java_Gerenciamento_Loja_de_Informatica.Model.Usuario
		com.senac.Projeto_Java_Gerenciamento_Loja_de_Informatica.Model.Venda]
	Mapping files names []
	Properties []
2025-04-10T16:27:58.973-03:00 DEBUG 4852 --- [lojainfo] [           main] o.h.i.internal.IntegratorServiceImpl     : Adding Integrator [org.hibernate.boot.beanvalidation.BeanValidationIntegrator].
2025-04-10T16:27:58.973-03:00 DEBUG 4852 --- [lojainfo] [           main] o.h.i.internal.IntegratorServiceImpl     : Adding Integrator [org.hibernate.cache.internal.CollectionCacheInvalidator].
2025-04-10T16:27:59.097-03:00  INFO 4852 --- [lojainfo] [           main] org.hibernate.Version                    : HHH000412: Hibernate ORM core version 6.5.3.Final
2025-04-10T16:27:59.099-03:00 DEBUG 4852 --- [lojainfo] [           main] org.hibernate.cfg.Environment            : HHH000206: 'hibernate.properties' not found
2025-04-10T16:27:59.147-03:00 DEBUG 4852 --- [lojainfo] [           main] org.hibernate.orm.idgen.factory          : Registering IdentifierGenerator strategy [uuid2] -> [org.hibernate.id.UUIDGenerator]
2025-04-10T16:27:59.148-03:00 DEBUG 4852 --- [lojainfo] [           main] org.hibernate.orm.idgen.factory          : Registering IdentifierGenerator strategy [guid] -> [org.hibernate.id.GUIDGenerator]
2025-04-10T16:27:59.151-03:00 DEBUG 4852 --- [lojainfo] [           main] org.hibernate.orm.idgen.factory          : Registering IdentifierGenerator strategy [uuid] -> [org.hibernate.id.UUIDHexGenerator]
2025-04-10T16:27:59.152-03:00 DEBUG 4852 --- [lojainfo] [           main] org.hibernate.orm.idgen.factory          : Registering IdentifierGenerator strategy [uuid.hex] -> [org.hibernate.id.UUIDHexGenerator]
2025-04-10T16:27:59.153-03:00 DEBUG 4852 --- [lojainfo] [           main] org.hibernate.orm.idgen.factory          : Registering IdentifierGenerator strategy [assigned] -> [org.hibernate.id.Assigned]
2025-04-10T16:27:59.155-03:00 DEBUG 4852 --- [lojainfo] [           main] org.hibernate.orm.idgen.factory          : Registering IdentifierGenerator strategy [identity] -> [org.hibernate.id.IdentityGenerator]
2025-04-10T16:27:59.158-03:00 DEBUG 4852 --- [lojainfo] [           main] org.hibernate.orm.idgen.factory          : Registering IdentifierGenerator strategy [select] -> [org.hibernate.id.SelectGenerator]
2025-04-10T16:27:59.159-03:00 DEBUG 4852 --- [lojainfo] [           main] org.hibernate.orm.idgen.factory          : Registering IdentifierGenerator strategy [sequence] -> [org.hibernate.id.enhanced.SequenceStyleGenerator]
2025-04-10T16:27:59.162-03:00 DEBUG 4852 --- [lojainfo] [           main] org.hibernate.orm.idgen.factory          : Registering IdentifierGenerator strategy [increment] -> [org.hibernate.id.IncrementGenerator]
2025-04-10T16:27:59.162-03:00 DEBUG 4852 --- [lojainfo] [           main] org.hibernate.orm.idgen.factory          : Registering IdentifierGenerator strategy [foreign] -> [org.hibernate.id.ForeignGenerator]
2025-04-10T16:27:59.163-03:00 DEBUG 4852 --- [lojainfo] [           main] org.hibernate.orm.idgen.factory          : Registering IdentifierGenerator strategy [enhanced-sequence] -> [org.hibernate.id.enhanced.SequenceStyleGenerator]
2025-04-10T16:27:59.167-03:00 DEBUG 4852 --- [lojainfo] [           main] org.hibernate.orm.idgen.factory          : Registering IdentifierGenerator strategy [enhanced-table] -> [org.hibernate.id.enhanced.TableGenerator]
2025-04-10T16:27:59.185-03:00 DEBUG 4852 --- [lojainfo] [           main] o.h.c.internal.RegionFactoryInitiator    : Cannot default RegionFactory based on registered strategies as `[]` RegionFactory strategies were registered
2025-04-10T16:27:59.186-03:00  INFO 4852 --- [lojainfo] [           main] o.h.c.internal.RegionFactoryInitiator    : HHH000026: Second-level cache disabled
2025-04-10T16:27:59.465-03:00 DEBUG 4852 --- [lojainfo] [           main] org.hibernate.type.BasicTypeRegistry     : Adding type registration boolean -> org.hibernate.type.BasicTypeReference@15e1f8fe
2025-04-10T16:27:59.465-03:00 DEBUG 4852 --- [lojainfo] [           main] org.hibernate.type.BasicTypeRegistry     : Adding type registration boolean -> org.hibernate.type.BasicTypeReference@15e1f8fe
2025-04-10T16:27:59.466-03:00 DEBUG 4852 --- [lojainfo] [           main] org.hibernate.type.BasicTypeRegistry     : Adding type registration java.lang.Boolean -> org.hibernate.type.BasicTypeReference@15e1f8fe
2025-04-10T16:27:59.466-03:00 DEBUG 4852 --- [lojainfo] [           main] org.hibernate.type.BasicTypeRegistry     : Adding type registration numeric_boolean -> org.hibernate.type.BasicTypeReference@110b7837
2025-04-10T16:27:59.466-03:00 DEBUG 4852 --- [lojainfo] [           main] org.hibernate.type.BasicTypeRegistry     : Adding type registration org.hibernate.type.NumericBooleanConverter -> org.hibernate.type.BasicTypeReference@110b7837
2025-04-10T16:27:59.466-03:00 DEBUG 4852 --- [lojainfo] [           main] org.hibernate.type.BasicTypeRegistry     : Adding type registration true_false -> org.hibernate.type.BasicTypeReference@6ee88e21
2025-04-10T16:27:59.466-03:00 DEBUG 4852 --- [lojainfo] [           main] org.hibernate.type.BasicTypeRegistry     : Adding type registration org.hibernate.type.TrueFalseConverter -> org.hibernate.type.BasicTypeReference@6ee88e21
2025-04-10T16:27:59.466-03:00 DEBUG 4852 --- [lojainfo] [           main] org.hibernate.type.BasicTypeRegistry     : Adding type registration yes_no -> org.hibernate.type.BasicTypeReference@78d23d6a
2025-04-10T16:27:59.466-03:00 DEBUG 4852 --- [lojainfo] [           main] org.hibernate.type.BasicTypeRegistry     : Adding type registration org.hibernate.type.YesNoConverter -> org.hibernate.type.BasicTypeReference@78d23d6a
2025-04-10T16:27:59.466-03:00 DEBUG 4852 --- [lojainfo] [           main] org.hibernate.type.BasicTypeRegistry     : Adding type registration byte -> org.hibernate.type.BasicTypeReference@626e0c86
2025-04-10T16:27:59.466-03:00 DEBUG 4852 --- [lojainfo] [           main] org.hibernate.type.BasicTypeRegistry     : Adding type registration byte -> org.hibernate.type.BasicTypeReference@626e0c86
2025-04-10T16:27:59.466-03:00 DEBUG 4852 --- [lojainfo] [           main] org.hibernate.type.BasicTypeRegistry     : Adding type registration java.lang.Byte -> org.hibernate.type.BasicTypeReference@626e0c86
2025-04-10T16:27:59.466-03:00 DEBUG 4852 --- [lojainfo] [           main] org.hibernate.type.BasicTypeRegistry     : Adding type registration binary -> org.hibernate.type.BasicTypeReference@28ee0a3c
2025-04-10T16:27:59.467-03:00 DEBUG 4852 --- [lojainfo] [           main] org.hibernate.type.BasicTypeRegistry     : Adding type registration byte[] -> org.hibernate.type.BasicTypeReference@28ee0a3c
2025-04-10T16:27:59.467-03:00 DEBUG 4852 --- [lojainfo] [           main] org.hibernate.type.BasicTypeRegistry     : Adding type registration [B -> org.hibernate.type.BasicTypeReference@28ee0a3c
2025-04-10T16:27:59.467-03:00 DEBUG 4852 --- [lojainfo] [           main] org.hibernate.type.BasicTypeRegistry     : Adding type registration binary_wrapper -> org.hibernate.type.BasicTypeReference@2dd1086
2025-04-10T16:27:59.467-03:00 DEBUG 4852 --- [lojainfo] [           main] org.hibernate.type.BasicTypeRegistry     : Adding type registration wrapper-binary -> org.hibernate.type.BasicTypeReference@2dd1086
2025-04-10T16:27:59.467-03:00 DEBUG 4852 --- [lojainfo] [           main] org.hibernate.type.BasicTypeRegistry     : Adding type registration image -> org.hibernate.type.BasicTypeReference@6b8d54da
2025-04-10T16:27:59.467-03:00 DEBUG 4852 --- [lojainfo] [           main] org.hibernate.type.BasicTypeRegistry     : Adding type registration blob -> org.hibernate.type.BasicTypeReference@79957f11
2025-04-10T16:27:59.467-03:00 DEBUG 4852 --- [lojainfo] [           main] org.hibernate.type.BasicTypeRegistry     : Adding type registration java.sql.Blob -> org.hibernate.type.BasicTypeReference@79957f11
2025-04-10T16:27:59.467-03:00 DEBUG 4852 --- [lojainfo] [           main] org.hibernate.type.BasicTypeRegistry     : Adding type registration materialized_blob -> org.hibernate.type.BasicTypeReference@217235f5
2025-04-10T16:27:59.467-03:00 DEBUG 4852 --- [lojainfo] [           main] org.hibernate.type.BasicTypeRegistry     : Adding type registration materialized_blob_wrapper -> org.hibernate.type.BasicTypeReference@4b41587d
2025-04-10T16:27:59.467-03:00 DEBUG 4852 --- [lojainfo] [           main] org.hibernate.type.BasicTypeRegistry     : Adding type registration short -> org.hibernate.type.BasicTypeReference@4aebee4b
2025-04-10T16:27:59.468-03:00 DEBUG 4852 --- [lojainfo] [           main] org.hibernate.type.BasicTypeRegistry     : Adding type registration short -> org.hibernate.type.BasicTypeReference@4aebee4b
2025-04-10T16:27:59.468-03:00 DEBUG 4852 --- [lojainfo] [           main] org.hibernate.type.BasicTypeRegistry     : Adding type registration java.lang.Short -> org.hibernate.type.BasicTypeReference@4aebee4b
2025-04-10T16:27:59.468-03:00 DEBUG 4852 --- [lojainfo] [           main] org.hibernate.type.BasicTypeRegistry     : Adding type registration integer -> org.hibernate.type.BasicTypeReference@18d47df0
2025-04-10T16:27:59.468-03:00 DEBUG 4852 --- [lojainfo] [           main] org.hibernate.type.BasicTypeRegistry     : Adding type registration int -> org.hibernate.type.BasicTypeReference@18d47df0
2025-04-10T16:27:59.468-03:00 DEBUG 4852 --- [lojainfo] [           main] org.hibernate.type.BasicTypeRegistry     : Adding type registration java.lang.Integer -> org.hibernate.type.BasicTypeReference@18d47df0
2025-04-10T16:27:59.469-03:00 DEBUG 4852 --- [lojainfo] [           main] org.hibernate.type.BasicTypeRegistry     : Adding type registration long -> org.hibernate.type.BasicTypeReference@28393e82
2025-04-10T16:27:59.470-03:00 DEBUG 4852 --- [lojainfo] [           main] org.hibernate.type.BasicTypeRegistry     : Adding type registration long -> org.hibernate.type.BasicTypeReference@28393e82
2025-04-10T16:27:59.470-03:00 DEBUG 4852 --- [lojainfo] [           main] org.hibernate.type.BasicTypeRegistry     : Adding type registration java.lang.Long -> org.hibernate.type.BasicTypeReference@28393e82
2025-04-10T16:27:59.471-03:00 DEBUG 4852 --- [lojainfo] [           main] org.hibernate.type.BasicTypeRegistry     : Adding type registration float -> org.hibernate.type.BasicTypeReference@697a0948
2025-04-10T16:27:59.471-03:00 DEBUG 4852 --- [lojainfo] [           main] org.hibernate.type.BasicTypeRegistry     : Adding type registration float -> org.hibernate.type.BasicTypeReference@697a0948
2025-04-10T16:27:59.471-03:00 DEBUG 4852 --- [lojainfo] [           main] org.hibernate.type.BasicTypeRegistry     : Adding type registration java.lang.Float -> org.hibernate.type.BasicTypeReference@697a0948
2025-04-10T16:27:59.471-03:00 DEBUG 4852 --- [lojainfo] [           main] org.hibernate.type.BasicTypeRegistry     : Adding type registration double -> org.hibernate.type.BasicTypeReference@7cf63b9a
2025-04-10T16:27:59.471-03:00 DEBUG 4852 --- [lojainfo] [           main] org.hibernate.type.BasicTypeRegistry     : Adding type registration double -> org.hibernate.type.BasicTypeReference@7cf63b9a
2025-04-10T16:27:59.472-03:00 DEBUG 4852 --- [lojainfo] [           main] org.hibernate.type.BasicTypeRegistry     : Adding type registration java.lang.Double -> org.hibernate.type.BasicTypeReference@7cf63b9a
2025-04-10T16:27:59.472-03:00 DEBUG 4852 --- [lojainfo] [           main] org.hibernate.type.BasicTypeRegistry     : Adding type registration big_integer -> org.hibernate.type.BasicTypeReference@4776e209
2025-04-10T16:27:59.472-03:00 DEBUG 4852 --- [lojainfo] [           main] org.hibernate.type.BasicTypeRegistry     : Adding type registration java.math.BigInteger -> org.hibernate.type.BasicTypeReference@4776e209
2025-04-10T16:27:59.472-03:00 DEBUG 4852 --- [lojainfo] [           main] org.hibernate.type.BasicTypeRegistry     : Adding type registration big_decimal -> org.hibernate.type.BasicTypeReference@265a094b
2025-04-10T16:27:59.472-03:00 DEBUG 4852 --- [lojainfo] [           main] org.hibernate.type.BasicTypeRegistry     : Adding type registration java.math.BigDecimal -> org.hibernate.type.BasicTypeReference@265a094b
2025-04-10T16:27:59.473-03:00 DEBUG 4852 --- [lojainfo] [           main] org.hibernate.type.BasicTypeRegistry     : Adding type registration character -> org.hibernate.type.BasicTypeReference@1f536481
2025-04-10T16:27:59.473-03:00 DEBUG 4852 --- [lojainfo] [           main] org.hibernate.type.BasicTypeRegistry     : Adding type registration char -> org.hibernate.type.BasicTypeReference@1f536481
2025-04-10T16:27:59.473-03:00 DEBUG 4852 --- [lojainfo] [           main] org.hibernate.type.BasicTypeRegistry     : Adding type registration java.lang.Character -> org.hibernate.type.BasicTypeReference@1f536481
2025-04-10T16:27:59.473-03:00 DEBUG 4852 --- [lojainfo] [           main] org.hibernate.type.BasicTypeRegistry     : Adding type registration character_nchar -> org.hibernate.type.BasicTypeReference@5234b61a
2025-04-10T16:27:59.474-03:00 DEBUG 4852 --- [lojainfo] [           main] org.hibernate.type.BasicTypeRegistry     : Adding type registration string -> org.hibernate.type.BasicTypeReference@22a260ff
2025-04-10T16:27:59.474-03:00 DEBUG 4852 --- [lojainfo] [           main] org.hibernate.type.BasicTypeRegistry     : Adding type registration java.lang.String -> org.hibernate.type.BasicTypeReference@22a260ff
2025-04-10T16:27:59.475-03:00 DEBUG 4852 --- [lojainfo] [           main] org.hibernate.type.BasicTypeRegistry     : Adding type registration nstring -> org.hibernate.type.BasicTypeReference@54c425b1
2025-04-10T16:27:59.475-03:00 DEBUG 4852 --- [lojainfo] [           main] org.hibernate.type.BasicTypeRegistry     : Adding type registration characters -> org.hibernate.type.BasicTypeReference@50b734c4
2025-04-10T16:27:59.475-03:00 DEBUG 4852 --- [lojainfo] [           main] org.hibernate.type.BasicTypeRegistry     : Adding type registration char[] -> org.hibernate.type.BasicTypeReference@50b734c4
2025-04-10T16:27:59.478-03:00 DEBUG 4852 --- [lojainfo] [           main] org.hibernate.type.BasicTypeRegistry     : Adding type registration [C -> org.hibernate.type.BasicTypeReference@50b734c4
2025-04-10T16:27:59.478-03:00 DEBUG 4852 --- [lojainfo] [           main] org.hibernate.type.BasicTypeRegistry     : Adding type registration wrapper-characters -> org.hibernate.type.BasicTypeReference@2744dcae
2025-04-10T16:27:59.478-03:00 DEBUG 4852 --- [lojainfo] [           main] org.hibernate.type.BasicTypeRegistry     : Adding type registration text -> org.hibernate.type.BasicTypeReference@16d0e521
2025-04-10T16:27:59.478-03:00 DEBUG 4852 --- [lojainfo] [           main] org.hibernate.type.BasicTypeRegistry     : Adding type registration ntext -> org.hibernate.type.BasicTypeReference@634ca3e7
2025-04-10T16:27:59.478-03:00 DEBUG 4852 --- [lojainfo] [           main] org.hibernate.type.BasicTypeRegistry     : Adding type registration clob -> org.hibernate.type.BasicTypeReference@ab4aa5e
2025-04-10T16:27:59.478-03:00 DEBUG 4852 --- [lojainfo] [           main] org.hibernate.type.BasicTypeRegistry     : Adding type registration java.sql.Clob -> org.hibernate.type.BasicTypeReference@ab4aa5e
2025-04-10T16:27:59.478-03:00 DEBUG 4852 --- [lojainfo] [           main] org.hibernate.type.BasicTypeRegistry     : Adding type registration nclob -> org.hibernate.type.BasicTypeReference@b14b60a
2025-04-10T16:27:59.478-03:00 DEBUG 4852 --- [lojainfo] [           main] org.hibernate.type.BasicTypeRegistry     : Adding type registration java.sql.NClob -> org.hibernate.type.BasicTypeReference@b14b60a
2025-04-10T16:27:59.478-03:00 DEBUG 4852 --- [lojainfo] [           main] org.hibernate.type.BasicTypeRegistry     : Adding type registration materialized_clob -> org.hibernate.type.BasicTypeReference@1a7cb3a4
2025-04-10T16:27:59.478-03:00 DEBUG 4852 --- [lojainfo] [           main] org.hibernate.type.BasicTypeRegistry     : Adding type registration materialized_clob_char_array -> org.hibernate.type.BasicTypeReference@1c297897
2025-04-10T16:27:59.478-03:00 DEBUG 4852 --- [lojainfo] [           main] org.hibernate.type.BasicTypeRegistry     : Adding type registration materialized_clob_character_array -> org.hibernate.type.BasicTypeReference@33e0c716
2025-04-10T16:27:59.478-03:00 DEBUG 4852 --- [lojainfo] [           main] org.hibernate.type.BasicTypeRegistry     : Adding type registration materialized_nclob -> org.hibernate.type.BasicTypeReference@1d6a8386
2025-04-10T16:27:59.478-03:00 DEBUG 4852 --- [lojainfo] [           main] org.hibernate.type.BasicTypeRegistry     : Adding type registration materialized_nclob_character_array -> org.hibernate.type.BasicTypeReference@6274f21c
2025-04-10T16:27:59.478-03:00 DEBUG 4852 --- [lojainfo] [           main] org.hibernate.type.BasicTypeRegistry     : Adding type registration materialized_nclob_char_array -> org.hibernate.type.BasicTypeReference@35cec305
2025-04-10T16:27:59.478-03:00 DEBUG 4852 --- [lojainfo] [           main] org.hibernate.type.BasicTypeRegistry     : Adding type registration Duration -> org.hibernate.type.BasicTypeReference@237add
2025-04-10T16:27:59.478-03:00 DEBUG 4852 --- [lojainfo] [           main] org.hibernate.type.BasicTypeRegistry     : Adding type registration java.time.Duration -> org.hibernate.type.BasicTypeReference@237add
2025-04-10T16:27:59.478-03:00 DEBUG 4852 --- [lojainfo] [           main] org.hibernate.type.BasicTypeRegistry     : Adding type registration LocalDateTime -> org.hibernate.type.BasicTypeReference@491cafec
2025-04-10T16:27:59.478-03:00 DEBUG 4852 --- [lojainfo] [           main] org.hibernate.type.BasicTypeRegistry     : Adding type registration java.time.LocalDateTime -> org.hibernate.type.BasicTypeReference@491cafec
2025-04-10T16:27:59.478-03:00 DEBUG 4852 --- [lojainfo] [           main] org.hibernate.type.BasicTypeRegistry     : Adding type registration LocalDate -> org.hibernate.type.BasicTypeReference@cbd40c1
2025-04-10T16:27:59.478-03:00 DEBUG 4852 --- [lojainfo] [           main] org.hibernate.type.BasicTypeRegistry     : Adding type registration java.time.LocalDate -> org.hibernate.type.BasicTypeReference@cbd40c1
2025-04-10T16:27:59.480-03:00 DEBUG 4852 --- [lojainfo] [           main] org.hibernate.type.BasicTypeRegistry     : Adding type registration LocalTime -> org.hibernate.type.BasicTypeReference@4fa86cb8
2025-04-10T16:27:59.480-03:00 DEBUG 4852 --- [lojainfo] [           main] org.hibernate.type.BasicTypeRegistry     : Adding type registration java.time.LocalTime -> org.hibernate.type.BasicTypeReference@4fa86cb8
2025-04-10T16:27:59.480-03:00 DEBUG 4852 --- [lojainfo] [           main] org.hibernate.type.BasicTypeRegistry     : Adding type registration OffsetDateTime -> org.hibernate.type.BasicTypeReference@54c60202
2025-04-10T16:27:59.480-03:00 DEBUG 4852 --- [lojainfo] [           main] org.hibernate.type.BasicTypeRegistry     : Adding type registration java.time.OffsetDateTime -> org.hibernate.type.BasicTypeReference@54c60202
2025-04-10T16:27:59.480-03:00 DEBUG 4852 --- [lojainfo] [           main] org.hibernate.type.BasicTypeRegistry     : Adding type registration OffsetDateTimeWithTimezone -> org.hibernate.type.BasicTypeReference@7889b4b9
2025-04-10T16:27:59.480-03:00 DEBUG 4852 --- [lojainfo] [           main] org.hibernate.type.BasicTypeRegistry     : Adding type registration OffsetDateTimeWithoutTimezone -> org.hibernate.type.BasicTypeReference@1e545821
2025-04-10T16:27:59.480-03:00 DEBUG 4852 --- [lojainfo] [           main] org.hibernate.type.BasicTypeRegistry     : Adding type registration OffsetTime -> org.hibernate.type.BasicTypeReference@12952aff
2025-04-10T16:27:59.480-03:00 DEBUG 4852 --- [lojainfo] [           main] org.hibernate.type.BasicTypeRegistry     : Adding type registration java.time.OffsetTime -> org.hibernate.type.BasicTypeReference@12952aff
2025-04-10T16:27:59.480-03:00 DEBUG 4852 --- [lojainfo] [           main] org.hibernate.type.BasicTypeRegistry     : Adding type registration OffsetTimeUtc -> org.hibernate.type.BasicTypeReference@76a7fcbd
2025-04-10T16:27:59.480-03:00 DEBUG 4852 --- [lojainfo] [           main] org.hibernate.type.BasicTypeRegistry     : Adding type registration OffsetTimeWithTimezone -> org.hibernate.type.BasicTypeReference@433ea2ac
2025-04-10T16:27:59.482-03:00 DEBUG 4852 --- [lojainfo] [           main] org.hibernate.type.BasicTypeRegistry     : Adding type registration OffsetTimeWithoutTimezone -> org.hibernate.type.BasicTypeReference@7f977fba
2025-04-10T16:27:59.482-03:00 DEBUG 4852 --- [lojainfo] [           main] org.hibernate.type.BasicTypeRegistry     : Adding type registration ZonedDateTime -> org.hibernate.type.BasicTypeReference@446e7065
2025-04-10T16:27:59.482-03:00 DEBUG 4852 --- [lojainfo] [           main] org.hibernate.type.BasicTypeRegistry     : Adding type registration java.time.ZonedDateTime -> org.hibernate.type.BasicTypeReference@446e7065
2025-04-10T16:27:59.484-03:00 DEBUG 4852 --- [lojainfo] [           main] org.hibernate.type.BasicTypeRegistry     : Adding type registration ZonedDateTimeWithTimezone -> org.hibernate.type.BasicTypeReference@d653e41
2025-04-10T16:27:59.484-03:00 DEBUG 4852 --- [lojainfo] [           main] org.hibernate.type.BasicTypeRegistry     : Adding type registration ZonedDateTimeWithoutTimezone -> org.hibernate.type.BasicTypeReference@3b78c683
2025-04-10T16:27:59.484-03:00 DEBUG 4852 --- [lojainfo] [           main] org.hibernate.type.BasicTypeRegistry     : Adding type registration date -> org.hibernate.type.BasicTypeReference@7f5614f9
2025-04-10T16:27:59.484-03:00 DEBUG 4852 --- [lojainfo] [           main] org.hibernate.type.BasicTypeRegistry     : Adding type registration java.sql.Date -> org.hibernate.type.BasicTypeReference@7f5614f9
2025-04-10T16:27:59.484-03:00 DEBUG 4852 --- [lojainfo] [           main] org.hibernate.type.BasicTypeRegistry     : Adding type registration time -> org.hibernate.type.BasicTypeReference@480cbe2e
2025-04-10T16:27:59.486-03:00 DEBUG 4852 --- [lojainfo] [           main] org.hibernate.type.BasicTypeRegistry     : Adding type registration java.sql.Time -> org.hibernate.type.BasicTypeReference@480cbe2e
2025-04-10T16:27:59.486-03:00 DEBUG 4852 --- [lojainfo] [           main] org.hibernate.type.BasicTypeRegistry     : Adding type registration timestamp -> org.hibernate.type.BasicTypeReference@6c3f1658
2025-04-10T16:27:59.486-03:00 DEBUG 4852 --- [lojainfo] [           main] org.hibernate.type.BasicTypeRegistry     : Adding type registration java.sql.Timestamp -> org.hibernate.type.BasicTypeReference@6c3f1658
2025-04-10T16:27:59.486-03:00 DEBUG 4852 --- [lojainfo] [           main] org.hibernate.type.BasicTypeRegistry     : Adding type registration java.util.Date -> org.hibernate.type.BasicTypeReference@6c3f1658
2025-04-10T16:27:59.486-03:00 DEBUG 4852 --- [lojainfo] [           main] org.hibernate.type.BasicTypeRegistry     : Adding type registration calendar -> org.hibernate.type.BasicTypeReference@110e9982
2025-04-10T16:27:59.486-03:00 DEBUG 4852 --- [lojainfo] [           main] org.hibernate.type.BasicTypeRegistry     : Adding type registration java.util.Calendar -> org.hibernate.type.BasicTypeReference@110e9982
2025-04-10T16:27:59.486-03:00 DEBUG 4852 --- [lojainfo] [           main] org.hibernate.type.BasicTypeRegistry     : Adding type registration java.util.GregorianCalendar -> org.hibernate.type.BasicTypeReference@110e9982
2025-04-10T16:27:59.486-03:00 DEBUG 4852 --- [lojainfo] [           main] org.hibernate.type.BasicTypeRegistry     : Adding type registration calendar_date -> org.hibernate.type.BasicTypeReference@5eb0a686
2025-04-10T16:27:59.486-03:00 DEBUG 4852 --- [lojainfo] [           main] org.hibernate.type.BasicTypeRegistry     : Adding type registration calendar_time -> org.hibernate.type.BasicTypeReference@73608eb0
2025-04-10T16:27:59.486-03:00 DEBUG 4852 --- [lojainfo] [           main] org.hibernate.type.BasicTypeRegistry     : Adding type registration instant -> org.hibernate.type.BasicTypeReference@67f9cb52
2025-04-10T16:27:59.486-03:00 DEBUG 4852 --- [lojainfo] [           main] org.hibernate.type.BasicTypeRegistry     : Adding type registration java.time.Instant -> org.hibernate.type.BasicTypeReference@67f9cb52
2025-04-10T16:27:59.486-03:00 DEBUG 4852 --- [lojainfo] [           main] org.hibernate.type.BasicTypeRegistry     : Adding type registration uuid -> org.hibernate.type.BasicTypeReference@2de9ca6
2025-04-10T16:27:59.486-03:00 DEBUG 4852 --- [lojainfo] [           main] org.hibernate.type.BasicTypeRegistry     : Adding type registration java.util.UUID -> org.hibernate.type.BasicTypeReference@2de9ca6
2025-04-10T16:27:59.486-03:00 DEBUG 4852 --- [lojainfo] [           main] org.hibernate.type.BasicTypeRegistry     : Adding type registration pg-uuid -> org.hibernate.type.BasicTypeReference@2de9ca6
2025-04-10T16:27:59.488-03:00 DEBUG 4852 --- [lojainfo] [           main] org.hibernate.type.BasicTypeRegistry     : Adding type registration uuid-binary -> org.hibernate.type.BasicTypeReference@59018eed
2025-04-10T16:27:59.488-03:00 DEBUG 4852 --- [lojainfo] [           main] org.hibernate.type.BasicTypeRegistry     : Adding type registration uuid-char -> org.hibernate.type.BasicTypeReference@2ee39e73
2025-04-10T16:27:59.488-03:00 DEBUG 4852 --- [lojainfo] [           main] org.hibernate.type.BasicTypeRegistry     : Adding type registration class -> org.hibernate.type.BasicTypeReference@76973a6
2025-04-10T16:27:59.488-03:00 DEBUG 4852 --- [lojainfo] [           main] org.hibernate.type.BasicTypeRegistry     : Adding type registration java.lang.Class -> org.hibernate.type.BasicTypeReference@76973a6
2025-04-10T16:27:59.488-03:00 DEBUG 4852 --- [lojainfo] [           main] org.hibernate.type.BasicTypeRegistry     : Adding type registration currency -> org.hibernate.type.BasicTypeReference@71a4f441
2025-04-10T16:27:59.488-03:00 DEBUG 4852 --- [lojainfo] [           main] org.hibernate.type.BasicTypeRegistry     : Adding type registration Currency -> org.hibernate.type.BasicTypeReference@71a4f441
2025-04-10T16:27:59.488-03:00 DEBUG 4852 --- [lojainfo] [           main] org.hibernate.type.BasicTypeRegistry     : Adding type registration java.util.Currency -> org.hibernate.type.BasicTypeReference@71a4f441
2025-04-10T16:27:59.488-03:00 DEBUG 4852 --- [lojainfo] [           main] org.hibernate.type.BasicTypeRegistry     : Adding type registration locale -> org.hibernate.type.BasicTypeReference@24876a7e
2025-04-10T16:27:59.488-03:00 DEBUG 4852 --- [lojainfo] [           main] org.hibernate.type.BasicTypeRegistry     : Adding type registration java.util.Locale -> org.hibernate.type.BasicTypeReference@24876a7e
2025-04-10T16:27:59.488-03:00 DEBUG 4852 --- [lojainfo] [           main] org.hibernate.type.BasicTypeRegistry     : Adding type registration serializable -> org.hibernate.type.BasicTypeReference@1625789b
2025-04-10T16:27:59.488-03:00 DEBUG 4852 --- [lojainfo] [           main] org.hibernate.type.BasicTypeRegistry     : Adding type registration java.io.Serializable -> org.hibernate.type.BasicTypeReference@1625789b
2025-04-10T16:27:59.488-03:00 DEBUG 4852 --- [lojainfo] [           main] org.hibernate.type.BasicTypeRegistry     : Adding type registration timezone -> org.hibernate.type.BasicTypeReference@5a1dddba
2025-04-10T16:27:59.488-03:00 DEBUG 4852 --- [lojainfo] [           main] org.hibernate.type.BasicTypeRegistry     : Adding type registration java.util.TimeZone -> org.hibernate.type.BasicTypeReference@5a1dddba
2025-04-10T16:27:59.488-03:00 DEBUG 4852 --- [lojainfo] [           main] org.hibernate.type.BasicTypeRegistry     : Adding type registration ZoneOffset -> org.hibernate.type.BasicTypeReference@c4d2c44
2025-04-10T16:27:59.488-03:00 DEBUG 4852 --- [lojainfo] [           main] org.hibernate.type.BasicTypeRegistry     : Adding type registration java.time.ZoneOffset -> org.hibernate.type.BasicTypeReference@c4d2c44
2025-04-10T16:27:59.488-03:00 DEBUG 4852 --- [lojainfo] [           main] org.hibernate.type.BasicTypeRegistry     : Adding type registration url -> org.hibernate.type.BasicTypeReference@13866329
2025-04-10T16:27:59.488-03:00 DEBUG 4852 --- [lojainfo] [           main] org.hibernate.type.BasicTypeRegistry     : Adding type registration java.net.URL -> org.hibernate.type.BasicTypeReference@13866329
2025-04-10T16:27:59.488-03:00 DEBUG 4852 --- [lojainfo] [           main] org.hibernate.type.BasicTypeRegistry     : Adding type registration vector -> org.hibernate.type.BasicTypeReference@2eda2062
2025-04-10T16:27:59.488-03:00 DEBUG 4852 --- [lojainfo] [           main] org.hibernate.type.BasicTypeRegistry     : Adding type registration row_version -> org.hibernate.type.BasicTypeReference@1a9ec80e
2025-04-10T16:27:59.496-03:00 DEBUG 4852 --- [lojainfo] [           main] org.hibernate.type.BasicTypeRegistry     : Adding type registration object -> org.hibernate.type.JavaObjectType@38a4e2b0
2025-04-10T16:27:59.496-03:00 DEBUG 4852 --- [lojainfo] [           main] org.hibernate.type.BasicTypeRegistry     : Adding type registration java.lang.Object -> org.hibernate.type.JavaObjectType@38a4e2b0
2025-04-10T16:27:59.497-03:00 DEBUG 4852 --- [lojainfo] [           main] org.hibernate.type.BasicTypeRegistry     : Adding type registration null -> org.hibernate.type.NullType@31b0f02
2025-04-10T16:27:59.498-03:00 DEBUG 4852 --- [lojainfo] [           main] org.hibernate.type.BasicTypeRegistry     : Adding type registration imm_date -> org.hibernate.type.BasicTypeReference@19ae2ee5
2025-04-10T16:27:59.498-03:00 DEBUG 4852 --- [lojainfo] [           main] org.hibernate.type.BasicTypeRegistry     : Adding type registration imm_time -> org.hibernate.type.BasicTypeReference@44b940a2
2025-04-10T16:27:59.498-03:00 DEBUG 4852 --- [lojainfo] [           main] org.hibernate.type.BasicTypeRegistry     : Adding type registration imm_timestamp -> org.hibernate.type.BasicTypeReference@34c53688
2025-04-10T16:27:59.498-03:00 DEBUG 4852 --- [lojainfo] [           main] org.hibernate.type.BasicTypeRegistry     : Adding type registration imm_calendar -> org.hibernate.type.BasicTypeReference@6ffd4c0d
2025-04-10T16:27:59.498-03:00 DEBUG 4852 --- [lojainfo] [           main] org.hibernate.type.BasicTypeRegistry     : Adding type registration imm_calendar_date -> org.hibernate.type.BasicTypeReference@74c9e11
2025-04-10T16:27:59.498-03:00 DEBUG 4852 --- [lojainfo] [           main] org.hibernate.type.BasicTypeRegistry     : Adding type registration imm_calendar_time -> org.hibernate.type.BasicTypeReference@9fe720a
2025-04-10T16:27:59.498-03:00 DEBUG 4852 --- [lojainfo] [           main] org.hibernate.type.BasicTypeRegistry     : Adding type registration imm_binary -> org.hibernate.type.BasicTypeReference@149274cb
2025-04-10T16:27:59.498-03:00 DEBUG 4852 --- [lojainfo] [           main] org.hibernate.type.BasicTypeRegistry     : Adding type registration imm_serializable -> org.hibernate.type.BasicTypeReference@118acf70
2025-04-10T16:27:59.505-03:00 DEBUG 4852 --- [lojainfo] [           main] o.h.boot.internal.BootstrapContextImpl   : Injecting JPA temp ClassLoader [org.springframework.instrument.classloading.SimpleThrowawayClassLoader@61037caf] into BootstrapContext; was [null]
2025-04-10T16:27:59.505-03:00 DEBUG 4852 --- [lojainfo] [           main] o.h.boot.internal.ClassLoaderAccessImpl  : ClassLoaderAccessImpl#injectTempClassLoader(org.springframework.instrument.classloading.SimpleThrowawayClassLoader@61037caf) [was null]
2025-04-10T16:27:59.506-03:00 DEBUG 4852 --- [lojainfo] [           main] o.h.boot.internal.BootstrapContextImpl   : Injecting ScanEnvironment [org.hibernate.jpa.boot.internal.StandardJpaScanEnvironmentImpl@7ca492d9] into BootstrapContext; was [null]
2025-04-10T16:27:59.507-03:00 DEBUG 4852 --- [lojainfo] [           main] o.h.boot.internal.BootstrapContextImpl   : Injecting ScanOptions [org.hibernate.boot.archive.scan.internal.StandardScanOptions@14fc9bd] into BootstrapContext; was [org.hibernate.boot.archive.scan.internal.StandardScanOptions@7ed49a7f]
2025-04-10T16:27:59.884-03:00  INFO 4852 --- [lojainfo] [           main] o.s.o.j.p.SpringPersistenceUnitInfo      : No LoadTimeWeaver setup: ignoring JPA class transformer
2025-04-10T16:27:59.886-03:00 DEBUG 4852 --- [lojainfo] [           main] o.h.boot.internal.BootstrapContextImpl   : Injecting JPA temp ClassLoader [null] into BootstrapContext; was [org.springframework.instrument.classloading.SimpleThrowawayClassLoader@61037caf]
2025-04-10T16:27:59.886-03:00 DEBUG 4852 --- [lojainfo] [           main] o.h.boot.internal.ClassLoaderAccessImpl  : ClassLoaderAccessImpl#injectTempClassLoader(null) [was org.springframework.instrument.classloading.SimpleThrowawayClassLoader@61037caf]
2025-04-10T16:27:59.934-03:00  INFO 4852 --- [lojainfo] [           main] com.zaxxer.hikari.HikariDataSource       : HikariPool-1 - Starting...
2025-04-10T16:28:00.362-03:00  INFO 4852 --- [lojainfo] [           main] com.zaxxer.hikari.pool.HikariPool        : HikariPool-1 - Added connection com.mysql.cj.jdbc.ConnectionImpl@5a82bc58
2025-04-10T16:28:00.365-03:00  INFO 4852 --- [lojainfo] [           main] com.zaxxer.hikari.HikariDataSource       : HikariPool-1 - Start completed.
2025-04-10T16:28:00.371-03:00 DEBUG 4852 --- [lojainfo] [           main] o.h.e.j.e.i.JdbcEnvironmentInitiator     : Database ->
	   name : MySQL
	version : 8.0.41
	  major : 8
	  minor : 0
2025-04-10T16:28:00.371-03:00 DEBUG 4852 --- [lojainfo] [           main] o.h.e.j.e.i.JdbcEnvironmentInitiator     : Driver ->
	   name : MySQL Connector/J
	version : mysql-connector-j-8.3.0 (Revision: 805f872a57875f311cb82487efcfb070411a3fa0)
	  major : 8
	  minor : 3
2025-04-10T16:28:00.372-03:00 DEBUG 4852 --- [lojainfo] [           main] o.h.e.j.e.i.JdbcEnvironmentInitiator     : JDBC version : 4.2
2025-04-10T16:28:00.436-03:00  WARN 4852 --- [lojainfo] [           main] org.hibernate.orm.deprecation            : HHH90000025: MySQLDialect does not need to be specified explicitly using 'hibernate.dialect' (remove the property setting and it will be selected by default)
2025-04-10T16:28:00.437-03:00 DEBUG 4852 --- [lojainfo] [           main] org.hibernate.orm.dialect                : HHH035001: Using dialect: org.hibernate.dialect.MySQLDialect, version: 8.0.41
2025-04-10T16:28:00.441-03:00 DEBUG 4852 --- [lojainfo] [           main] o.h.e.j.env.spi.IdentifierHelperBuilder  : JDBC driver metadata reported database stores quoted identifiers in more than one case
2025-04-10T16:28:00.443-03:00 DEBUG 4852 --- [lojainfo] [           main] o.h.e.j.env.spi.IdentifierHelperBuilder  : IdentifierCaseStrategy for both quoted and unquoted identifiers was set to the same strategy [LOWER]; that will likely lead to problems in schema update and validation if using quoted identifiers
2025-04-10T16:28:00.470-03:00 DEBUG 4852 --- [lojainfo] [           main] o.h.t.d.sql.spi.DdlTypeRegistry          : addDescriptor(12, org.hibernate.type.descriptor.sql.internal.CapacityDependentDdlType@7769d9b6) replaced previous registration(org.hibernate.type.descriptor.sql.internal.CapacityDependentDdlType@248d3a)
2025-04-10T16:28:00.471-03:00 DEBUG 4852 --- [lojainfo] [           main] o.h.t.d.sql.spi.DdlTypeRegistry          : addDescriptor(-9, org.hibernate.type.descriptor.sql.internal.CapacityDependentDdlType@3c71cf3e) replaced previous registration(org.hibernate.type.descriptor.sql.internal.CapacityDependentDdlType@636e4bf8)
2025-04-10T16:28:00.471-03:00 DEBUG 4852 --- [lojainfo] [           main] o.h.t.d.sql.spi.DdlTypeRegistry          : addDescriptor(-3, org.hibernate.type.descriptor.sql.internal.CapacityDependentDdlType@5af38a4a) replaced previous registration(org.hibernate.type.descriptor.sql.internal.CapacityDependentDdlType@7e1a9173)
[...]

   R2dbcRepositoriesAutoConfiguration:
      Did not match:
         - @ConditionalOnClass did not find required class 'io.r2dbc.spi.ConnectionFactory' (OnClassCondition)

   R2dbcTransactionManagerAutoConfiguration:
      Did not match:
         - @ConditionalOnClass did not find required class 'org.springframework.r2dbc.connection.R2dbcTransactionManager' (OnClassCondition)

   RSocketGraphQlClientAutoConfiguration:
      Did not match:
         - @ConditionalOnClass did not find required class 'graphql.GraphQL' (OnClassCondition)

   RSocketMessagingAutoConfiguration:
      Did not match:
         - @ConditionalOnClass did not find required class 'io.rsocket.RSocket' (OnClassCondition)

   RSocketRequesterAutoConfiguration:
      Did not match:
         - @ConditionalOnClass did not find required class 'io.rsocket.RSocket' (OnClassCondition)

   RSocketSecurityAutoConfiguration:
      Did not match:
         - @ConditionalOnClass did not find required class 'org.springframework.security.rsocket.core.SecuritySocketAcceptorInterceptor' (OnClassCondition)

   RSocketServerAutoConfiguration:
      Did not match:
         - @ConditionalOnClass did not find required class 'io.rsocket.core.RSocketServer' (OnClassCondition)

   RSocketStrategiesAutoConfiguration:
      Did not match:
         - @ConditionalOnClass did not find required class 'io.netty.buffer.PooledByteBufAllocator' (OnClassCondition)

   RabbitAutoConfiguration:
      Did not match:
         - @ConditionalOnClass did not find required class 'com.rabbitmq.client.Channel' (OnClassCondition)

   ReactiveElasticsearchClientAutoConfiguration:
      Did not match:
         - @ConditionalOnClass did not find required class 'co.elastic.clients.transport.ElasticsearchTransport' (OnClassCondition)

   ReactiveElasticsearchRepositoriesAutoConfiguration:
      Did not match:
         - @ConditionalOnClass did not find required class 'reactor.core.publisher.Mono' (OnClassCondition)

   ReactiveMultipartAutoConfiguration:
      Did not match:
         - @ConditionalOnClass did not find required class 'org.springframework.web.reactive.config.WebFluxConfigurer' (OnClassCondition)

   ReactiveOAuth2ClientAutoConfiguration:
      Did not match:
         - @ConditionalOnClass did not find required class 'reactor.core.publisher.Flux' (OnClassCondition)

   ReactiveOAuth2ResourceServerAutoConfiguration:
      Did not match:
         - @ConditionalOnClass did not find required class 'org.springframework.security.config.annotation.web.reactive.EnableWebFluxSecurity' (OnClassCondition)

   ReactiveSecurityAutoConfiguration:
      Did not match:
         - @ConditionalOnClass did not find required class 'reactor.core.publisher.Flux' (OnClassCondition)

   ReactiveUserDetailsServiceAutoConfiguration:
      Did not match:
         - @ConditionalOnClass did not find required class 'org.springframework.security.authentication.ReactiveAuthenticationManager' (OnClassCondition)

   ReactiveWebServerFactoryAutoConfiguration:
      Did not match:
         - @ConditionalOnWebApplication did not find reactive web application classes (OnWebApplicationCondition)

   ReactorAutoConfiguration:
      Did not match:
         - @ConditionalOnClass did not find required class 'reactor.core.publisher.Hooks' (OnClassCondition)

   RedisAutoConfiguration:
      Did not match:
         - @ConditionalOnClass did not find required class 'org.springframework.data.redis.core.RedisOperations' (OnClassCondition)

   RedisCacheConfiguration:
      Did not match:
         - @ConditionalOnClass did not find required class 'org.springframework.data.redis.connection.RedisConnectionFactory' (OnClassCondition)

   RedisReactiveAutoConfiguration:
      Did not match:
         - @ConditionalOnClass did not find required class 'reactor.core.publisher.Flux' (OnClassCondition)

   RedisRepositoriesAutoConfiguration:
      Did not match:
         - @ConditionalOnClass did not find required class 'org.springframework.data.redis.repository.configuration.EnableRedisRepositories' (OnClassCondition)

   RepositoryRestMvcAutoConfiguration:
      Did not match:
         - @ConditionalOnClass did not find required class 'org.springframework.data.rest.webmvc.config.RepositoryRestMvcConfiguration' (OnClassCondition)

   Saml2RelyingPartyAutoConfiguration:
      Did not match:
         - @ConditionalOnClass did not find required class 'org.springframework.security.saml2.provider.service.registration.RelyingPartyRegistrationRepository' (OnClassCondition)

   SecurityAutoConfiguration:
      Did not match:
         - @ConditionalOnClass did not find required class 'org.springframework.security.authentication.DefaultAuthenticationEventPublisher' (OnClassCondition)

   SecurityFilterAutoConfiguration:
      Did not match:
         - @ConditionalOnClass did not find required class 'org.springframework.security.config.http.SessionCreationPolicy' (OnClassCondition)

   SendGridAutoConfiguration:
      Did not match:
         - @ConditionalOnClass did not find required class 'com.sendgrid.SendGrid' (OnClassCondition)

   ServletWebServerFactoryAutoConfiguration.ForwardedHeaderFilterConfiguration:
      Did not match:
         - @ConditionalOnProperty (server.forward-headers-strategy=framework) did not find property 'server.forward-headers-strategy' (OnPropertyCondition)

   ServletWebServerFactoryConfiguration.EmbeddedJetty:
      Did not match:
         - @ConditionalOnClass did not find required classes 'org.eclipse.jetty.server.Server', 'org.eclipse.jetty.util.Loader', 'org.eclipse.jetty.ee10.webapp.WebAppContext' (OnClassCondition)

   ServletWebServerFactoryConfiguration.EmbeddedUndertow:
      Did not match:
         - @ConditionalOnClass did not find required classes 'io.undertow.Undertow', 'org.xnio.SslClientAuthMode' (OnClassCondition)

   SessionAutoConfiguration:
      Did not match:
         - @ConditionalOnClass did not find required class 'org.springframework.session.Session' (OnClassCondition)

   SpringApplicationAdminJmxAutoConfiguration:
      Did not match:
         - @ConditionalOnProperty (spring.application.admin.enabled=true) did not find property 'enabled' (OnPropertyCondition)

   TaskExecutorConfigurations.SimpleAsyncTaskExecutorBuilderConfiguration#simpleAsyncTaskExecutorBuilderVirtualThreads:
      Did not match:
         - @ConditionalOnMissingBean (types: org.springframework.boot.task.SimpleAsyncTaskExecutorBuilder; SearchStrategy: all) found beans of type 'org.springframework.boot.task.SimpleAsyncTaskExecutorBuilder' simpleAsyncTaskExecutorBuilder (OnBeanCondition)

   TaskExecutorConfigurations.TaskExecutorConfiguration#applicationTaskExecutorVirtualThreads:
      Did not match:
         - @ConditionalOnThreading did not find VIRTUAL (OnThreadingCondition)

   TaskSchedulingAutoConfiguration#scheduledBeanLazyInitializationExcludeFilter:
      Did not match:
         - @ConditionalOnBean (names: org.springframework.context.annotation.internalScheduledAnnotationProcessor; SearchStrategy: all) did not find any beans named org.springframework.context.annotation.internalScheduledAnnotationProcessor (OnBeanCondition)

   TaskSchedulingConfigurations.SimpleAsyncTaskSchedulerBuilderConfiguration#simpleAsyncTaskSchedulerBuilderVirtualThreads:
      Did not match:
         - @ConditionalOnMissingBean (types: org.springframework.boot.task.SimpleAsyncTaskSchedulerBuilder; SearchStrategy: all) found beans of type 'org.springframework.boot.task.SimpleAsyncTaskSchedulerBuilder' simpleAsyncTaskSchedulerBuilder (OnBeanCondition)

   TaskSchedulingConfigurations.TaskSchedulerConfiguration:
      Did not match:
         - @ConditionalOnBean (names: org.springframework.context.annotation.internalScheduledAnnotationProcessor; SearchStrategy: all) did not find any beans named org.springframework.context.annotation.internalScheduledAnnotationProcessor (OnBeanCondition)

   TemplateEngineConfigurations.ReactiveTemplateEngineConfiguration:
      Did not match:
         - did not find reactive web application classes (OnWebApplicationCondition)

   ThymeleafAutoConfiguration.DataAttributeDialectConfiguration:
      Did not match:
         - @ConditionalOnClass did not find required class 'com.github.mxab.thymeleaf.extras.dataattribute.dialect.DataAttributeDialect' (OnClassCondition)

   ThymeleafAutoConfiguration.ThymeleafSecurityDialectConfiguration:
      Did not match:
         - @ConditionalOnClass did not find required classes 'org.thymeleaf.extras.springsecurity6.dialect.SpringSecurityDialect', 'org.springframework.security.web.server.csrf.CsrfToken' (OnClassCondition)

   ThymeleafAutoConfiguration.ThymeleafWebFluxConfiguration:
      Did not match:
         - did not find reactive web application classes (OnWebApplicationCondition)

   ThymeleafAutoConfiguration.ThymeleafWebLayoutConfiguration:
      Did not match:
         - @ConditionalOnClass did not find required class 'nz.net.ultraq.thymeleaf.layoutdialect.LayoutDialect' (OnClassCondition)

   ThymeleafAutoConfiguration.ThymeleafWebMvcConfiguration#resourceUrlEncodingFilter:
      Did not match:
         - @ConditionalOnEnabledResourceChain did not find class org.webjars.WebJarAssetLocator (OnEnabledResourceChainCondition)

   TransactionAutoConfiguration#transactionalOperator:
      Did not match:
         - @ConditionalOnSingleCandidate (types: org.springframework.transaction.ReactiveTransactionManager; SearchStrategy: all) did not find any beans (OnBeanCondition)

   TransactionAutoConfiguration.AspectJTransactionManagementConfiguration:
      Did not match:
         - @ConditionalOnBean (types: org.springframework.transaction.aspectj.AbstractTransactionAspect; SearchStrategy: all) did not find any beans of type org.springframework.transaction.aspectj.AbstractTransactionAspect (OnBeanCondition)

   TransactionAutoConfiguration.EnableTransactionManagementConfiguration.JdkDynamicAutoProxyConfiguration:
      Did not match:
         - @ConditionalOnProperty (spring.aop.proxy-target-class=false) did not find property 'proxy-target-class' (OnPropertyCondition)

   UserDetailsServiceAutoConfiguration:
      Did not match:
         - @ConditionalOnClass did not find required class 'org.springframework.security.authentication.AuthenticationManager' (OnClassCondition)

   WebClientAutoConfiguration:
      Did not match:
         - @ConditionalOnClass did not find required class 'org.springframework.web.reactive.function.client.WebClient' (OnClassCondition)

   WebFluxAutoConfiguration:
      Did not match:
         - @ConditionalOnClass did not find required class 'org.springframework.web.reactive.config.WebFluxConfigurer' (OnClassCondition)

   WebMvcAutoConfiguration#hiddenHttpMethodFilter:
      Did not match:
         - @ConditionalOnProperty (spring.mvc.hiddenmethod.filter.enabled) did not find property 'enabled' (OnPropertyCondition)

   WebMvcAutoConfiguration.ProblemDetailsErrorHandlingConfiguration:
      Did not match:
         - @ConditionalOnProperty (spring.mvc.problemdetails.enabled=true) did not find property 'enabled' (OnPropertyCondition)

   WebMvcAutoConfiguration.ResourceChainCustomizerConfiguration:
      Did not match:
         - @ConditionalOnEnabledResourceChain did not find class org.webjars.WebJarAssetLocator (OnEnabledResourceChainCondition)

   WebMvcAutoConfiguration.WebMvcAutoConfigurationAdapter#beanNameViewResolver:
      Did not match:
         - @ConditionalOnBean (types: org.springframework.web.servlet.View; SearchStrategy: all) did not find any beans of type org.springframework.web.servlet.View (OnBeanCondition)

   WebServiceTemplateAutoConfiguration:
      Did not match:
         - @ConditionalOnClass did not find required class 'org.springframework.oxm.Marshaller' (OnClassCondition)

   WebServicesAutoConfiguration:
      Did not match:
         - @ConditionalOnClass did not find required class 'org.springframework.ws.transport.http.MessageDispatcherServlet' (OnClassCondition)

   WebSessionIdResolverAutoConfiguration:
      Did not match:
         - @ConditionalOnClass did not find required class 'reactor.core.publisher.Mono' (OnClassCondition)

   WebSocketMessagingAutoConfiguration:
      Did not match:
         - @ConditionalOnClass did not find required class 'org.springframework.web.socket.config.annotation.WebSocketMessageBrokerConfigurer' (OnClassCondition)

   WebSocketReactiveAutoConfiguration:
      Did not match:
         - @ConditionalOnWebApplication did not find reactive web application classes (OnWebApplicationCondition)

   WebSocketServletAutoConfiguration.JettyWebSocketConfiguration:
      Did not match:
         - @ConditionalOnClass did not find required class 'org.eclipse.jetty.ee10.websocket.jakarta.server.config.JakartaWebSocketServletContainerInitializer' (OnClassCondition)

   WebSocketServletAutoConfiguration.UndertowWebSocketConfiguration:
      Did not match:
         - @ConditionalOnClass did not find required class 'io.undertow.websockets.jsr.Bootstrap' (OnClassCondition)

   XADataSourceAutoConfiguration:
      Did not match:
         - @ConditionalOnBean (types: org.springframework.boot.jdbc.XADataSourceWrapper; SearchStrategy: all) did not find any beans of type org.springframework.boot.jdbc.XADataSourceWrapper (OnBeanCondition)
      Matched:
         - @ConditionalOnClass found required classes 'javax.sql.DataSource', 'jakarta.transaction.TransactionManager', 'org.springframework.jdbc.datasource.embedded.EmbeddedDatabaseType' (OnClassCondition)


Exclusions:
-----------

    None


Unconditional classes:
----------------------

    org.springframework.boot.autoconfigure.context.ConfigurationPropertiesAutoConfiguration

    org.springframework.boot.autoconfigure.ssl.SslAutoConfiguration

    org.springframework.boot.autoconfigure.context.LifecycleAutoConfiguration

    org.springframework.boot.autoconfigure.context.PropertyPlaceholderAutoConfiguration

    org.springframework.boot.autoconfigure.availability.ApplicationAvailabilityAutoConfiguration

    org.springframework.boot.autoconfigure.info.ProjectInfoAutoConfiguration



2025-04-10T16:28:03.893-03:00  INFO 4852 --- [lojainfo] [           main] iamentoLojaDeInformaticaApplicationTests : Started ProjetoJavaGerenciamentoLojaDeInformaticaApplicationTests in 7.67 seconds (process running for 9.408)
2025-04-10T16:28:03.896-03:00 DEBUG 4852 --- [lojainfo] [           main] o.s.b.a.ApplicationAvailabilityBean      : Application availability state LivenessState changed to CORRECT
2025-04-10T16:28:03.899-03:00 DEBUG 4852 --- [lojainfo] [           main] o.s.b.a.ApplicationAvailabilityBean      : Application availability state ReadinessState changed to ACCEPTING_TRAFFIC
2025-04-10T16:28:03.903-03:00 DEBUG 4852 --- [lojainfo] [           main] org.springframework.test.context.cache   : Spring test ApplicationContext cache statistics: [DefaultContextCache@26edfa34 size = 1, maxSize = 32, parentContextCount = 0, hitCount = 0, missCount = 1, failureCount = 0]
2025-04-10T16:28:03.903-03:00 DEBUG 4852 --- [lojainfo] [           main] o.s.t.c.w.ServletTestExecutionListener   : Setting up MockHttpServletRequest, MockHttpServletResponse, ServletWebRequest, and RequestContextHolder for test class com.senac.Projeto_Java_Gerenciamento_Loja_de_Informatica.ProjetoJavaGerenciamentoLojaDeInformaticaApplicationTests
2025-04-10T16:28:03.923-03:00 DEBUG 4852 --- [lojainfo] [           main] DependencyInjectionTestExecutionListener : Performing dependency injection for test class com.senac.Projeto_Java_Gerenciamento_Loja_de_Informatica.ProjetoJavaGerenciamentoLojaDeInformaticaApplicationTests
2025-04-10T16:28:03.923-03:00 DEBUG 4852 --- [lojainfo] [           main] org.springframework.test.context.cache   : Spring test ApplicationContext cache statistics: [DefaultContextCache@26edfa34 size = 1, maxSize = 32, parentContextCount = 0, hitCount = 1, missCount = 1, failureCount = 0]
2025-04-10T16:28:03.925-03:00 DEBUG 4852 --- [lojainfo] [           main] org.springframework.test.context.cache   : Spring test ApplicationContext cache statistics: [DefaultContextCache@26edfa34 size = 1, maxSize = 32, parentContextCount = 0, hitCount = 2, missCount = 1, failureCount = 0]
2025-04-10T16:28:03.933-03:00 DEBUG 4852 --- [lojainfo] [           main] sContextBeforeModesTestExecutionListener : Before test method: class [ProjetoJavaGerenciamentoLojaDeInformaticaApplicationTests], method [contextLoads], class annotated with @DirtiesContext [false] with mode [null], method annotated with @DirtiesContext [false] with mode [null]
2025-04-10T16:28:03.936-03:00 DEBUG 4852 --- [lojainfo] [           main] org.springframework.test.context.cache   : Spring test ApplicationContext cache statistics: [DefaultContextCache@26edfa34 size = 1, maxSize = 32, parentContextCount = 0, hitCount = 3, missCount = 1, failureCount = 0]
2025-04-10T16:28:03.936-03:00 DEBUG 4852 --- [lojainfo] [           main] org.springframework.test.context.cache   : Spring test ApplicationContext cache statistics: [DefaultContextCache@26edfa34 size = 1, maxSize = 32, parentContextCount = 0, hitCount = 4, missCount = 1, failureCount = 0]
2025-04-10T16:28:04.590-03:00 DEBUG 4852 --- [lojainfo] [           main] org.springframework.test.context.cache   : Spring test ApplicationContext cache statistics: [DefaultContextCache@26edfa34 size = 1, maxSize = 32, parentContextCount = 0, hitCount = 5, missCount = 1, failureCount = 0]
2025-04-10T16:28:04.590-03:00 DEBUG 4852 --- [lojainfo] [           main] org.springframework.test.context.cache   : Spring test ApplicationContext cache statistics: [DefaultContextCache@26edfa34 size = 1, maxSize = 32, parentContextCount = 0, hitCount = 6, missCount = 1, failureCount = 0]
2025-04-10T16:28:04.590-03:00 DEBUG 4852 --- [lojainfo] [           main] org.springframework.test.context.cache   : Spring test ApplicationContext cache statistics: [DefaultContextCache@26edfa34 size = 1, maxSize = 32, parentContextCount = 0, hitCount = 7, missCount = 1, failureCount = 0]
2025-04-10T16:28:04.590-03:00 DEBUG 4852 --- [lojainfo] [           main] org.springframework.test.context.cache   : Spring test ApplicationContext cache statistics: [DefaultContextCache@26edfa34 size = 1, maxSize = 32, parentContextCount = 0, hitCount = 8, missCount = 1, failureCount = 0]
2025-04-10T16:28:04.603-03:00 DEBUG 4852 --- [lojainfo] [           main] org.springframework.test.context.cache   : Spring test ApplicationContext cache statistics: [DefaultContextCache@26edfa34 size = 1, maxSize = 32, parentContextCount = 0, hitCount = 9, missCount = 1, failureCount = 0]
2025-04-10T16:28:04.605-03:00 DEBUG 4852 --- [lojainfo] [           main] org.springframework.test.context.cache   : Spring test ApplicationContext cache statistics: [DefaultContextCache@26edfa34 size = 1, maxSize = 32, parentContextCount = 0, hitCount = 10, missCount = 1, failureCount = 0]
2025-04-10T16:28:04.612-03:00 DEBUG 4852 --- [lojainfo] [           main] org.springframework.test.context.cache   : Spring test ApplicationContext cache statistics: [DefaultContextCache@26edfa34 size = 1, maxSize = 32, parentContextCount = 0, hitCount = 11, missCount = 1, failureCount = 0]
2025-04-10T16:28:04.614-03:00 DEBUG 4852 --- [lojainfo] [           main] .c.s.DirtiesContextTestExecutionListener : After test method: class [ProjetoJavaGerenciamentoLojaDeInformaticaApplicationTests], method [contextLoads], class annotated with @DirtiesContext [false] with mode [null], method annotated with @DirtiesContext [false] with mode [null]
2025-04-10T16:28:04.614-03:00 DEBUG 4852 --- [lojainfo] [           main] o.s.t.c.w.ServletTestExecutionListener   : Resetting RequestContextHolder for test class com.senac.Projeto_Java_Gerenciamento_Loja_de_Informatica.ProjetoJavaGerenciamentoLojaDeInformaticaApplicationTests
]]></system-out>
  </testcase>
</testsuite>