<?xml version="1.0" encoding="UTF-8"?>
<testsuite xmlns:xsi="http://www.w3.org/2001/XMLSchema-instance" xsi:noNamespaceSchemaLocation="https://maven.apache.org/surefire/maven-surefire-plugin/xsd/surefire-test-report-3.0.xsd" version="3.0" name="com.senac.Projeto_Java_Gerenciamento_Loja_de_Informatica.ProjetoJavaGerenciamentoLojaDeInformaticaApplicationTests" time="5.633" tests="1" errors="0" skipped="0" failures="0">
  <properties>
[...]
</properties>
  <testcase name="contextLoads" classname="com.senac.Projeto_Java_Gerenciamento_Loja_de_Informatica.ProjetoJavaGerenciamentoLojaDeInformaticaApplicationTests" time="0.813">
    <system-out><![CDATA[10:06:56.104 [main] INFO org.springframework.test.context.support.AnnotationConfigContextLoaderUtils -- Could not detect default configuration classes for test class [com.senac.Projeto_Java_Gerenciamento_Loja_de_Informatica.ProjetoJavaGerenciamentoLojaDeInformaticaApplicationTests]: ProjetoJavaGerenciamentoLojaDeInformaticaApplicationTests does not declare any static, non-private, non-final, nested classes annotated with @Configuration.
10:06:56.241 [main] INFO org.springframework.boot.test.context.SpringBootTestContextBootstrapper -- Found @SpringBootConfiguration com.senac.Projeto_Java_Gerenciamento_Loja_de_Informatica.ProjetoJavaGerenciamentoLojaDeInformaticaApplication for test class com.senac.Projeto_Java_Gerenciamento_Loja_de_Informatica.ProjetoJavaGerenciamentoLojaDeInformaticaApplicationTests

  .   ____          _            __ _ _
 /\\ / ___'_ __ _ _(_)_ __  __ _ \ \ \ \
( ( )\___ | '_ | '_| | '_ \/ _` | \ \ \ \
 \\/  ___)| |_)| | | | | || (_| |  ) ) ) )
  '  |____| .__|_| |_|_| |_\__, | / / / /
 =========|_|==============|___/=/_/_/_/

 :: Spring Boot ::                (v3.3.5)

2024-11-04T10:06:56.781-03:00  INFO 13752 --- [lojaInfo] [           main] iamentoLojaDeInformaticaApplicationTests : Starting ProjetoJavaGerenciamentoLojaDeInformaticaApplicationTests using Java 17.0.9 with PID 13752 (started by acer in C:\Users\acer\Documents\TDS\PI\Mod 3\Etapa 7 e 9\Projeto-Java-Gerenciamento-Loja-de-Informatica)
2024-11-04T10:06:56.783-03:00  INFO 13752 --- [lojaInfo] [           main] iamentoLojaDeInformaticaApplicationTests : No active profile set, falling back to 1 default profile: "default"
2024-11-04T10:06:57.834-03:00  INFO 13752 --- [lojaInfo] [           main] .s.d.r.c.RepositoryConfigurationDelegate : Bootstrapping Spring Data JPA repositories in DEFAULT mode.
2024-11-04T10:06:57.857-03:00  INFO 13752 --- [lojaInfo] [           main] .s.d.r.c.RepositoryConfigurationDelegate : Finished Spring Data repository scanning in 14 ms. Found 0 JPA repository interfaces.
2024-11-04T10:06:58.394-03:00  INFO 13752 --- [lojaInfo] [           main] o.hibernate.jpa.internal.util.LogHelper  : HHH000204: Processing PersistenceUnitInfo [name: default]
2024-11-04T10:06:58.482-03:00  INFO 13752 --- [lojaInfo] [           main] org.hibernate.Version                    : HHH000412: Hibernate ORM core version 6.5.3.Final
2024-11-04T10:06:58.529-03:00  INFO 13752 --- [lojaInfo] [           main] o.h.c.internal.RegionFactoryInitiator    : HHH000026: Second-level cache disabled
2024-11-04T10:06:58.956-03:00  INFO 13752 --- [lojaInfo] [           main] o.s.o.j.p.SpringPersistenceUnitInfo      : No LoadTimeWeaver setup: ignoring JPA class transformer
2024-11-04T10:06:58.990-03:00  INFO 13752 --- [lojaInfo] [           main] com.zaxxer.hikari.HikariDataSource       : HikariPool-1 - Starting...
2024-11-04T10:06:59.289-03:00  INFO 13752 --- [lojaInfo] [           main] com.zaxxer.hikari.pool.HikariPool        : HikariPool-1 - Added connection com.mysql.cj.jdbc.ConnectionImpl@6be766d1
2024-11-04T10:06:59.294-03:00  INFO 13752 --- [lojaInfo] [           main] com.zaxxer.hikari.HikariDataSource       : HikariPool-1 - Start completed.
2024-11-04T10:06:59.369-03:00  WARN 13752 --- [lojaInfo] [           main] org.hibernate.orm.deprecation            : HHH90000025: MySQLDialect does not need to be specified explicitly using 'hibernate.dialect' (remove the property setting and it will be selected by default)
2024-11-04T10:06:59.921-03:00  INFO 13752 --- [lojaInfo] [           main] o.h.e.t.j.p.i.JtaPlatformInitiator       : HHH000489: No JTA platform available (set 'hibernate.transaction.jta.platform' to enable JTA platform integration)
2024-11-04T10:06:59.942-03:00  INFO 13752 --- [lojaInfo] [           main] j.LocalContainerEntityManagerFactoryBean : Initialized JPA EntityManagerFactory for persistence unit 'default'
2024-11-04T10:07:00.221-03:00  WARN 13752 --- [lojaInfo] [           main] JpaBaseConfiguration$JpaWebConfiguration : spring.jpa.open-in-view is enabled by default. Therefore, database queries may be performed during view rendering. Explicitly configure spring.jpa.open-in-view to disable this warning
2024-11-04T10:07:00.728-03:00  INFO 13752 --- [lojaInfo] [           main] iamentoLojaDeInformaticaApplicationTests : Started ProjetoJavaGerenciamentoLojaDeInformaticaApplicationTests in 4.268 seconds (process running for 5.551)
]]></system-out>
  </testcase>
</testsuite>